<?xml version="1.0" encoding="UTF-8"?>
<!-- Generated by org.testng.reporters.JUnitReportReporter -->
<testsuite skipped="0" hostname="DESKTOP-UDRPALV" name="com.Testscripts.PayMentTest" tests="1" failures="0" timestamp="06 Dec 2019 05:43:13 GMT" time="69.673" errors="0">
  <testcase name="payment" time="69.673" classname="com.Testscripts.PayMentTest"/>
</testsuite> <!-- com.Testscripts.PayMentTest -->
