<?xml version="1.0" encoding="UTF-8"?>
<!-- Generated by org.testng.reporters.JUnitReportReporter -->
<testsuite skipped="0" hostname="DESKTOP-2EHDPTI" name="logic.LoginLogout" tests="1" failures="0" timestamp="26 Mar 2020 04:44:46 GMT" time="77.415" errors="0">
  <testcase name="testUntitled" time="77.415" classname="logic.LoginLogout"/>
</testsuite> <!-- logic.LoginLogout -->
