<?xml version="1.0" encoding="UTF-8"?>
<!-- Generated by org.testng.reporters.JUnitReportReporter -->
<testsuite skipped="0" hostname="DESKTOP-2EHDPTI" name="logic.StageRegistAllField" tests="1" failures="0" timestamp="03 Mar 2020 06:51:05 GMT" time="309.713" errors="0">
  <testcase name="test" time="309.713" classname="logic.StageRegistAllField"/>
</testsuite> <!-- logic.StageRegistAllField -->
