<?xml version="1.0" encoding="UTF-8"?>
<!-- Generated by org.testng.reporters.JUnitReportReporter -->
<testsuite skipped="0" hostname="10503-D-71026" name="logic.NegativePaymentDesk" tests="1" failures="0" timestamp="18 Sep 2020 06:20:03 GMT" time="104.716" errors="0">
  <testcase name="testCase" time="104.716" classname="logic.NegativePaymentDesk"/>
</testsuite> <!-- logic.NegativePaymentDesk -->
