<?xml version="1.0" encoding="UTF-8"?>
<!-- Generated by org.testng.reporters.JUnitReportReporter -->
<testsuite skipped="0" hostname="DESKTOP-2EHDPTI" name="logic.LoginLogout" tests="1" failures="0" timestamp="19 Mar 2020 05:58:36 GMT" time="74.995" errors="0">
  <testcase name="testUntitled" time="74.995" classname="logic.LoginLogout"/>
</testsuite> <!-- logic.LoginLogout -->
