<?xml version="1.0" encoding="UTF-8"?>
<!-- Generated by org.testng.reporters.JUnitReportReporter -->
<testsuite skipped="0" hostname="DESKTOP-2EHDPTI" name="logic.CallPreference" tests="1" failures="0" timestamp="19 Feb 2020 06:50:26 GMT" time="123.570" errors="0">
  <testcase name="testUntitled" time="123.570" classname="logic.CallPreference"/>
</testsuite> <!-- logic.CallPreference -->
