<?xml version="1.0" encoding="UTF-8"?>
<!-- Generated by org.testng.reporters.JUnitReportReporter -->
<testsuite skipped="0" hostname="DESKTOP-2EHDPTI" name="logic.NegativePaymentPlatinum" tests="1" failures="0" timestamp="18 Mar 2020 10:11:14 GMT" time="177.916" errors="0">
  <testcase name="testUntitled" time="177.916" classname="logic.NegativePaymentPlatinum"/>
</testsuite> <!-- logic.NegativePaymentPlatinum -->
