<?xml version="1.0" encoding="UTF-8"?>
<!-- Generated by org.testng.reporters.JUnitReportReporter -->
<testsuite skipped="0" hostname="DESKTOP-2EHDPTI" name="logic.ProfilePreview" tests="1" failures="0" timestamp="19 Feb 2020 09:30:22 GMT" time="121.910" errors="0">
  <testcase name="testUntitled" time="121.910" classname="logic.ProfilePreview"/>
</testsuite> <!-- logic.ProfilePreview -->
