<?xml version="1.0" encoding="UTF-8"?>
<!-- Generated by org.testng.reporters.JUnitReportReporter -->
<testsuite skipped="0" hostname="10503-D-71026" name="logic.LoginLogoutDesk" tests="1" failures="0" timestamp="18 Sep 2020 06:21:37 GMT" time="39.372" errors="0">
  <testcase name="testCase" time="39.372" classname="logic.LoginLogoutDesk"/>
</testsuite> <!-- logic.LoginLogoutDesk -->
