<?xml version="1.0" encoding="UTF-8"?>
<!-- Generated by org.testng.reporters.JUnitReportReporter -->
<testsuite skipped="0" hostname="10503-D-71026" name="logic.RegisterationDesk" tests="1" failures="0" timestamp="18 Sep 2020 06:11:11 GMT" time="196.463" errors="0">
  <testcase name="testCase" time="196.463" classname="logic.RegisterationDesk"/>
</testsuite> <!-- logic.RegisterationDesk -->
