<?xml version="1.0" encoding="UTF-8"?>
<!-- Generated by org.testng.reporters.JUnitReportReporter -->
<testsuite skipped="0" hostname="DESKTOP-2EHDPTI" name="logic.BlockedMultipleProfileMatches" tests="1" failures="0" timestamp="19 Feb 2020 07:13:55 GMT" time="385.299" errors="0">
  <testcase name="testUntitled" time="385.299" classname="logic.BlockedMultipleProfileMatches"/>
</testsuite> <!-- logic.BlockedMultipleProfileMatches -->
