<?xml version="1.0" encoding="UTF-8"?>
<!-- Generated by org.testng.reporters.JUnitReportReporter -->
<testsuite skipped="0" hostname="DESKTOP-2EHDPTI" name="logic.SendInterestMatches" tests="1" failures="0" timestamp="19 Feb 2020 10:15:10 GMT" time="408.501" errors="0">
  <testcase name="testUntitled" time="408.501" classname="logic.SendInterestMatches"/>
</testsuite> <!-- logic.SendInterestMatches -->
