<?xml version="1.0" encoding="UTF-8"?>
<!-- Generated by org.testng.reporters.JUnitReportReporter -->
<testsuite skipped="0" hostname="10503-2F-4CE648138B" name="TestScripts.Login_DiscoverMatches" tests="1" failures="0" timestamp="29 Jul 2019 06:54:57 GMT" time="77.371" errors="0">
  <testcase name="testUntitled" time="77.371" classname="TestScripts.Login_DiscoverMatches"/>
</testsuite> <!-- TestScripts.Login_DiscoverMatches -->
