<?xml version="1.0" encoding="UTF-8"?>
<!-- Generated by org.testng.reporters.JUnitReportReporter -->
<testsuite skipped="1" hostname="10503-2F-4CE648138B" name="TestScripts.RegularSearch" tests="2" failures="0" timestamp="2020-02-17T11:39:58 IST" time="600.686" errors="1">
  <testcase name="regularSearchTest" time="0.000" classname="TestScripts.RegularSearch">
    <skipped/>
  </testcase> <!-- regularSearchTest -->
  <testcase name="setUp" time="600.686" classname="TestScripts.RegularSearch">
    <error type="org.openqa.selenium.SessionNotCreatedException" message="session not created (Call to lock device failed) 
Command duration or timeout: 600.22 seconds
Build info: version: &#039;2.52.0&#039;, revision: &#039;4c2593cfc3689a7fcd7be52549167e5ccc93ad28&#039;, time: &#039;2016-02-11 11:22:43&#039;
System info: host: &#039;10503-2F-4CE648138B&#039;, ip: &#039;192.168.64.247&#039;, os.name: &#039;Windows 10&#039;, os.arch: &#039;amd64&#039;, os.version: &#039;10.0&#039;, java.version: &#039;1.8.0_162&#039;
Driver info: io.appium.java_client.android.AndroidDriver">
      <![CDATA[org.openqa.selenium.SessionNotCreatedException: session not created (Call to lock device failed) 
Command duration or timeout: 600.22 seconds
Build info: version: '2.52.0', revision: '4c2593cfc3689a7fcd7be52549167e5ccc93ad28', time: '2016-02-11 11:22:43'
System info: host: '10503-2F-4CE648138B', ip: '192.168.64.247', os.name: 'Windows 10', os.arch: 'amd64', os.version: '10.0', java.version: '1.8.0_162'
Driver info: io.appium.java_client.android.AndroidDriver
at sun.reflect.NativeConstructorAccessorImpl.newInstance0(Native Method)
at sun.reflect.NativeConstructorAccessorImpl.newInstance(Unknown Source)
at sun.reflect.DelegatingConstructorAccessorImpl.newInstance(Unknown Source)
at java.lang.reflect.Constructor.newInstance(Unknown Source)
at org.openqa.selenium.remote.ErrorHandler.createThrowable(ErrorHandler.java:206)
at org.openqa.selenium.remote.ErrorHandler.throwIfResponseFailed(ErrorHandler.java:158)
at org.openqa.selenium.remote.RemoteWebDriver.execute(RemoteWebDriver.java:678)
at io.appium.java_client.DefaultGenericMobileDriver.execute(DefaultGenericMobileDriver.java:43)
at io.appium.java_client.AppiumDriver.execute(AppiumDriver.java:1)
at io.appium.java_client.android.AndroidDriver.execute(AndroidDriver.java:1)
at org.openqa.selenium.remote.RemoteWebDriver.startSession(RemoteWebDriver.java:249)
at org.openqa.selenium.remote.RemoteWebDriver.<init>(RemoteWebDriver.java:131)
at org.openqa.selenium.remote.RemoteWebDriver.<init>(RemoteWebDriver.java:144)
at io.appium.java_client.DefaultGenericMobileDriver.<init>(DefaultGenericMobileDriver.java:39)
at io.appium.java_client.AppiumDriver.<init>(AppiumDriver.java:69)
at io.appium.java_client.AppiumDriver.<init>(AppiumDriver.java:78)
at io.appium.java_client.android.AndroidDriver.<init>(AndroidDriver.java:67)
at TestScripts.RegularSearch.setUp(RegularSearch.java:45)
at sun.reflect.NativeMethodAccessorImpl.invoke0(Native Method)
at sun.reflect.NativeMethodAccessorImpl.invoke(Unknown Source)
at sun.reflect.DelegatingMethodAccessorImpl.invoke(Unknown Source)
at java.lang.reflect.Method.invoke(Unknown Source)
at org.testng.internal.MethodInvocationHelper.invokeMethod(MethodInvocationHelper.java:133)
at org.testng.internal.MethodInvocationHelper.invokeMethodConsideringTimeout(MethodInvocationHelper.java:62)
at org.testng.internal.ConfigInvoker.invokeConfigurationMethod(ConfigInvoker.java:340)
at org.testng.internal.ConfigInvoker.invokeConfigurations(ConfigInvoker.java:294)
at org.testng.TestRunner.invokeTestConfigurations(TestRunner.java:623)
at org.testng.TestRunner.beforeRun(TestRunner.java:613)
at org.testng.TestRunner.run(TestRunner.java:584)
at org.testng.SuiteRunner.runTest(SuiteRunner.java:402)
at org.testng.SuiteRunner.runSequentially(SuiteRunner.java:396)
at org.testng.SuiteRunner.privateRun(SuiteRunner.java:355)
at org.testng.SuiteRunner.run(SuiteRunner.java:304)
at org.testng.SuiteRunnerWorker.runSuite(SuiteRunnerWorker.java:53)
at org.testng.SuiteRunnerWorker.run(SuiteRunnerWorker.java:96)
at org.testng.TestNG.runSuitesSequentially(TestNG.java:1180)
at org.testng.TestNG.runSuitesLocally(TestNG.java:1102)
at org.testng.TestNG.runSuites(TestNG.java:1032)
at org.testng.TestNG.run(TestNG.java:1000)
at org.testng.remote.AbstractRemoteTestNG.run(AbstractRemoteTestNG.java:115)
at org.testng.remote.RemoteTestNG.initAndRun(RemoteTestNG.java:251)
at org.testng.remote.RemoteTestNG.main(RemoteTestNG.java:77)
Caused by: org.openqa.selenium.SessionNotCreatedException: session not created (Call to lock device failed) 
Build info: version: '2.52.0', revision: '4c2593cfc3689a7fcd7be52549167e5ccc93ad28', time: '2016-02-11 11:22:43'
System info: host: '10503-2F-4CE648138B', ip: '192.168.64.247', os.name: 'Windows 10', os.arch: 'amd64', os.version: '10.0', java.version: '1.8.0_162'
Driver info: driver.version: unknown
at java.util.concurrent.FutureTask.get(Unknown Source)
at com.experitest.image.agent.appium.http.AppiumInitSessionCommandHandler.handle(AppiumInitSessionCommandHandler.java:120)
at org.restlet.routing.Filter.doHandle(Filter.java:150)
at org.restlet.routing.Filter.handle(Filter.java:197)
at org.restlet.routing.Router.doHandle(Router.java:422)
at org.restlet.routing.Router.handle(Router.java:641)
at org.restlet.routing.Filter.doHandle(Filter.java:150)
at org.restlet.routing.Filter.handle(Filter.java:197)
at org.restlet.routing.Router.doHandle(Router.java:422)
at org.restlet.routing.Router.handle(Router.java:641)
at org.restlet.routing.Filter.doHandle(Filter.java:150)
at org.restlet.routing.Filter.handle(Filter.java:197)
at org.restlet.routing.Router.doHandle(Router.java:422)
at org.restlet.routing.Router.handle(Router.java:641)
at org.restlet.routing.Filter.doHandle(Filter.java:150)
at org.restlet.engine.application.StatusFilter.doHandle(StatusFilter.java:140)
at org.restlet.routing.Filter.handle(Filter.java:197)
at org.restlet.routing.Filter.doHandle(Filter.java:150)
at org.restlet.routing.Filter.handle(Filter.java:197)
at org.restlet.engine.CompositeHelper.handle(CompositeHelper.java:202)
at org.restlet.Component.handle(Component.java:408)
at org.restlet.Server.handle(Server.java:507)
at org.restlet.engine.connector.ServerHelper.handle(ServerHelper.java:63)
at org.restlet.engine.adapter.HttpServerHelper.handle(HttpServerHelper.java:143)
at org.restlet.engine.connector.HttpServerHelper$1.handle(HttpServerHelper.java:64)
at com.sun.net.httpserver.Filter$Chain.doFilter(Unknown Source)
at sun.net.httpserver.AuthFilter.doFilter(Unknown Source)
at com.sun.net.httpserver.Filter$Chain.doFilter(Unknown Source)
at sun.net.httpserver.ServerImpl$Exchange$LinkHandler.handle(Unknown Source)
at com.sun.net.httpserver.Filter$Chain.doFilter(Unknown Source)
at sun.net.httpserver.ServerImpl$Exchange.run(Unknown Source)
at java.util.concurrent.ThreadPoolExecutor.runWorker(Unknown Source)
at java.util.concurrent.ThreadPoolExecutor$Worker.run(Unknown Source)
at java.lang.Thread.run(Unknown Source)
]]>
    </error>
  </testcase> <!-- setUp -->
</testsuite> <!-- TestScripts.RegularSearch -->
