<?xml version="1.0" encoding="UTF-8"?>
<!-- Generated by org.testng.reporters.JUnitReportReporter -->
<testsuite skipped="0" hostname="10503-2F-4CE648138B" name="TestScripts.LatestMatches" tests="1" failures="0" timestamp="2020-02-05T12:24:46 IST" time="141.693" errors="0">
  <testcase name="testUntitled" time="141.693" classname="TestScripts.LatestMatches"/>
</testsuite> <!-- TestScripts.LatestMatches -->
