<?xml version="1.0" encoding="UTF-8"?>
<!-- Generated by org.testng.reporters.JUnitReportReporter -->
<testsuite skipped="0" hostname="10503-2F-4CE648138B" name="TestScripts.profile_completeness" tests="1" failures="0" timestamp="02 Aug 2019 09:07:47 GMT" time="171.966" errors="0">
  <testcase name="testUntitled" time="171.966" classname="TestScripts.profile_completeness"/>
</testsuite> <!-- TestScripts.profile_completeness -->
