<?xml version="1.0" encoding="UTF-8"?>
<!-- Generated by org.testng.reporters.JUnitReportReporter -->
<testsuite skipped="0" hostname="10503-2F-4CE648138B" name="TestScripts.Refine_test" tests="1" failures="0" timestamp="2020-02-18T18:54:37 IST" time="120.621" errors="0">
  <testcase name="testUntitled" time="120.621" classname="TestScripts.Refine_test"/>
</testsuite> <!-- TestScripts.Refine_test -->
