<?xml version="1.0" encoding="UTF-8"?>
<!-- Generated by org.testng.reporters.JUnitReportReporter -->
<testsuite skipped="0" hostname="10503-2F-4CE648138B" name="TestScripts.Preffered_Profession" tests="1" failures="0" timestamp="2020-02-18T18:32:31 IST" time="52.142" errors="0">
  <testcase name="testUntitled" time="52.142" classname="TestScripts.Preffered_Profession"/>
</testsuite> <!-- TestScripts.Preffered_Profession -->
