<?xml version="1.0" encoding="UTF-8"?>
<!-- Generated by org.testng.reporters.JUnitReportReporter -->
<testsuite skipped="0" hostname="10503-2F-4CE648138B" name="TestScripts.City_Registration" tests="1" failures="0" timestamp="06 Sep 2019 08:21:33 GMT" time="616.495" errors="0">
  <testcase name="testUntitled" time="616.495" classname="TestScripts.City_Registration"/>
</testsuite> <!-- TestScripts.City_Registration -->
