<?xml version="1.0" encoding="UTF-8"?>
<!-- Generated by org.testng.reporters.JUnitReportReporter -->
<testsuite skipped="0" hostname="DESKTOP-UDRPALV" name="com.TestScripts.DivorceeLoginTest" tests="1" failures="0" timestamp="06 Dec 2019 08:45:26 GMT" time="41.094" errors="0">
  <testcase name="Login" time="41.094" classname="com.TestScripts.DivorceeLoginTest"/>
</testsuite> <!-- com.TestScripts.DivorceeLoginTest -->
