<?xml version="1.0" encoding="UTF-8"?>
<!-- Generated by org.testng.reporters.JUnitReportReporter -->
<testsuite skipped="0" hostname="DESKTOP-UDRPALV" name="com.Testscripts.DivorceePayment" tests="1" failures="0" timestamp="06 Dec 2019 06:13:12 GMT" time="122.868" errors="0">
  <testcase name="Payment" time="122.868" classname="com.Testscripts.DivorceePayment"/>
</testsuite> <!-- com.Testscripts.DivorceePayment -->
