<?xml version="1.0" encoding="UTF-8"?>
<!-- Generated by org.testng.reporters.JUnitReportReporter -->
<testsuite skipped="0" hostname="DESKTOP-UDRPALV" name="com.testscripts.Bug_Report" tests="1" failures="0" timestamp="05 Dec 2019 13:39:17 GMT" time="64.196" errors="0">
  <testcase name="maiolcode" time="64.196" classname="com.testscripts.Bug_Report"/>
</testsuite> <!-- com.testscripts.Bug_Report -->
