<?xml version="1.0" encoding="UTF-8"?>
<!-- Generated by org.testng.reporters.JUnitReportReporter -->
<testsuite hostname="DESKTOP-R1556TJ" name="com.app.Android_App.AppPayment" tests="1" failures="0" timestamp="17 Dec 2018 11:44:04 GMT" time="130.687" errors="0">
  <testcase name="payment" time="130.687" classname="com.app.Android_App.AppPayment"/>
</testsuite> <!-- com.app.Android_App.AppPayment -->
