<?xml version="1.0" encoding="UTF-8"?>
<!-- Generated by org.testng.reporters.JUnitReportReporter -->
<testsuite skipped="0" hostname="10503-2F-INA523X9ZX" name="com.TestScripts.DivorceeLoginTest" tests="1" failures="0" timestamp="26 Aug 2019 04:48:14 GMT" time="20.613" errors="0">
  <testcase name="Login" time="20.613" classname="com.TestScripts.DivorceeLoginTest"/>
</testsuite> <!-- com.TestScripts.DivorceeLoginTest -->
