<?xml version="1.0" encoding="UTF-8"?>
<!-- Generated by org.testng.reporters.JUnitReportReporter -->
<testsuite skipped="0" hostname="DESKTOP-R1556TJ" name="com.app.Android_App.Save_Search" tests="1" failures="0" timestamp="27 Feb 2019 13:30:46 GMT" time="138.204" errors="0">
  <testcase name="testUntitled" time="138.204" classname="com.app.Android_App.Save_Search"/>
</testsuite> <!-- com.app.Android_App.Save_Search -->
