<?xml version="1.0" encoding="UTF-8"?>
<!-- Generated by org.testng.reporters.JUnitReportReporter -->
<testsuite skipped="0" hostname="DESKTOP-R1556TJ" name="com.app.Android_App.Contact_Viewed" tests="1" failures="0" timestamp="10 Jun 2019 05:18:49 GMT" time="152.424" errors="0">
  <testcase name="testUntitled1" time="152.424" classname="com.app.Android_App.Contact_Viewed"/>
</testsuite> <!-- com.app.Android_App.Contact_Viewed -->
