<?xml version="1.0" encoding="UTF-8"?>
<!-- Generated by org.testng.reporters.JUnitReportReporter -->
<testsuite skipped="0" hostname="DESKTOP-R1556TJ" name="com.app.Android_App.Notification_settings" tests="1" failures="0" timestamp="27 Feb 2019 12:51:50 GMT" time="100.988" errors="0">
  <testcase name="testUntitled" time="100.988" classname="com.app.Android_App.Notification_settings"/>
</testsuite> <!-- com.app.Android_App.Notification_settings -->
