<?xml version="1.0" encoding="UTF-8"?>
<!-- Generated by org.testng.reporters.JUnitReportReporter -->
<testsuite skipped="0" hostname="DESKTOP-R1556TJ" name="com.app.Android_App.Shortlisted_me" tests="1" failures="0" timestamp="28 Feb 2019 06:30:10 GMT" time="92.539" errors="0">
  <testcase name="testUntitled" time="92.539" classname="com.app.Android_App.Shortlisted_me"/>
</testsuite> <!-- com.app.Android_App.Shortlisted_me -->
