<?xml version="1.0" encoding="UTF-8"?>
<!-- Generated by org.testng.reporters.JUnitReportReporter -->
<testsuite skipped="0" hostname="DESKTOP-R1556TJ" name="com.app.Android_App.MatchesTest" tests="1" failures="0" timestamp="15 Feb 2019 10:13:44 GMT" time="116.025" errors="0">
  <testcase name="testUntitled" time="116.025" classname="com.app.Android_App.MatchesTest"/>
</testsuite> <!-- com.app.Android_App.MatchesTest -->
