<?xml version="1.0" encoding="UTF-8"?>
<!-- Generated by org.testng.reporters.JUnitReportReporter -->
<testsuite skipped="0" hostname="DESKTOP-R1556TJ" name="com.app.Android_App.Matches_Ignore" tests="1" failures="0" timestamp="15 Feb 2019 10:17:03 GMT" time="111.072" errors="0">
  <testcase name="testUntitled" time="111.072" classname="com.app.Android_App.Matches_Ignore"/>
</testsuite> <!-- com.app.Android_App.Matches_Ignore -->
