<?xml version="1.0" encoding="UTF-8"?>
<!-- Generated by org.testng.reporters.JUnitReportReporter -->
<testsuite skipped="0" hostname="DESKTOP-R1556TJ" name="com.app.Android_App.Communication" tests="1" failures="0" timestamp="03 Jan 2019 11:40:54 GMT" time="96.057" errors="0">
  <testcase name="loginTest" time="96.057" classname="com.app.Android_App.Communication"/>
</testsuite> <!-- com.app.Android_App.Communication -->
