<?xml version="1.0" encoding="UTF-8"?>
<!-- Generated by org.testng.reporters.JUnitReportReporter -->
<testsuite skipped="0" hostname="DESKTOP-R1556TJ" name="com.app.Android_App.Inbox_Filter" tests="1" failures="0" timestamp="27 Feb 2019 10:58:46 GMT" time="422.321" errors="0">
  <testcase name="testUntitled" time="422.321" classname="com.app.Android_App.Inbox_Filter"/>
</testsuite> <!-- com.app.Android_App.Inbox_Filter -->
