<?xml version="1.0" encoding="UTF-8"?>
<!-- Generated by org.testng.reporters.JUnitReportReporter -->
<testsuite skipped="0" hostname="DESKTOP-R1556TJ" name="com.app.Android_App.View_nt_contact_Shortlisted" tests="1" failures="0" timestamp="28 Feb 2019 08:05:18 GMT" time="162.123" errors="0">
  <testcase name="testUntitled" time="162.123" classname="com.app.Android_App.View_nt_contact_Shortlisted"/>
</testsuite> <!-- com.app.Android_App.View_nt_contact_Shortlisted -->
