<?xml version="1.0" encoding="UTF-8"?>
<!-- Generated by org.testng.reporters.JUnitReportReporter -->
<testsuite skipped="0" hostname="DESKTOP-R1556TJ" name="com.app.Android_App.View_Not_contacted" tests="1" failures="0" timestamp="28 Feb 2019 06:34:59 GMT" time="241.685" errors="0">
  <testcase name="testUntitled" time="241.685" classname="com.app.Android_App.View_Not_contacted"/>
</testsuite> <!-- com.app.Android_App.View_Not_contacted -->
