<?xml version="1.0" encoding="UTF-8"?>
<!-- Generated by org.testng.reporters.JUnitReportReporter -->
<testsuite skipped="0" hostname="DESKTOP-R1556TJ" name="com.app.Android_App.teast_D" tests="2" failures="0" timestamp="19 Jan 2019 11:29:18 GMT" time="126.567" errors="0">
  <testcase name="testUntitled1" time="66.660" classname="com.app.Android_App.teast_D"/>
  <testcase name="testUntitled" time="59.907" classname="com.app.Android_App.teast_D"/>
</testsuite> <!-- com.app.Android_App.teast_D -->
