<?xml version="1.0" encoding="UTF-8"?>
<!-- Generated by org.testng.reporters.JUnitReportReporter -->
<testsuite skipped="0" hostname="DESKTOP-R1556TJ" name="com.app.Android_App.Inbox_received_scenario_2" tests="1" failures="0" timestamp="08 Mar 2019 10:38:08 GMT" time="124.201" errors="0">
  <testcase name="testUntitled" time="124.201" classname="com.app.Android_App.Inbox_received_scenario_2"/>
</testsuite> <!-- com.app.Android_App.Inbox_received_scenario_2 -->
