<?xml version="1.0" encoding="UTF-8"?>
<!-- Generated by org.testng.reporters.JUnitReportReporter -->
<testsuite skipped="0" hostname="DESKTOP-R1556TJ" name="com.app.Android_App.Shortlisted" tests="1" failures="0" timestamp="28 Feb 2019 06:28:04 GMT" time="295.219" errors="0">
  <testcase name="testUntitled" time="295.219" classname="com.app.Android_App.Shortlisted"/>
</testsuite> <!-- com.app.Android_App.Shortlisted -->
