<?xml version="1.0" encoding="UTF-8"?>
<!-- Generated by org.testng.reporters.JUnitReportReporter -->
<testsuite skipped="0" hostname="DESKTOP-R1556TJ" name="com.app.Android_App.Test_Sh" tests="1" failures="0" timestamp="18 Jan 2019 07:12:28 GMT" time="94.916" errors="0">
  <testcase name="testUntitled" time="94.916" classname="com.app.Android_App.Test_Sh"/>
</testsuite> <!-- com.app.Android_App.Test_Sh -->
