<?xml version="1.0" encoding="UTF-8"?>
<!-- Generated by org.testng.reporters.JUnitReportReporter -->
<testsuite skipped="0" hostname="DESKTOP-R1556TJ" name="com.app.Android_App.Photo_Upload" tests="1" failures="0" timestamp="08 Mar 2019 10:50:02 GMT" time="203.048" errors="0">
  <testcase name="testUntitled" time="203.048" classname="com.app.Android_App.Photo_Upload"/>
</testsuite> <!-- com.app.Android_App.Photo_Upload -->
