<?xml version="1.0" encoding="UTF-8"?>
<!-- Generated by org.testng.reporters.JUnitReportReporter -->
<testsuite skipped="0" hostname="DESKTOP-R1556TJ" name="com.app.Android_App.Inbox_received_scenario_1" tests="1" failures="0" timestamp="08 Mar 2019 09:29:40 GMT" time="146.259" errors="0">
  <testcase name="testUntitled" time="146.259" classname="com.app.Android_App.Inbox_received_scenario_1"/>
</testsuite> <!-- com.app.Android_App.Inbox_received_scenario_1 -->
