<?xml version="1.0" encoding="UTF-8"?>
<!-- Generated by org.testng.reporters.JUnitReportReporter -->
<testsuite skipped="0" hostname="DESKTOP-R1556TJ" name="com.app.Android_App.Search_by_Id" tests="2" failures="0" timestamp="27 Feb 2019 13:37:08 GMT" time="43.883" errors="2">
  <testcase name="testUntitled" time="41.865" classname="com.app.Android_App.Search_by_Id">
    <error type="org.openqa.selenium.remote.UnreachableBrowserException" message="Error communicating with the remote browser. It may have died.
Build info: version: &#039;2.52.0&#039;, revision: &#039;4c2593cfc3689a7fcd7be52549167e5ccc93ad28&#039;, time: &#039;2016-02-11 11:22:43&#039;
System info: host: &#039;DESKTOP-R1556TJ&#039;, ip: &#039;192.168.77.42&#039;, os.name: &#039;Windows 10&#039;, os.arch: &#039;amd64&#039;, os.version: &#039;10.0&#039;, java.version: &#039;1.8.0_161&#039;
Driver info: driver.version: AndroidDriver
Capabilities [{appPackage=com.community.matrimony, device.majorVersion=8, dontGoHomeOnQuit=false, device.os=Android, noReset=false, dontStopAppOnReset=false, reservationDuration=240, reportFormat=xml, fullReset=false, platform=ANY, deviceUDID=32002b32ee5b451f, install.only.for.update=false, desired={appPackage=com.community.matrimony, appActivity=com.domaininstance.ui.activities.Splash, reportDirectory=reports, reportFormat=xml, udid=32002b32ee5b451f, platformName=Android, testName=Untitled}, device.serialNumber=32002b32ee5b451f, locationServicesAuthorized=false, device.version=8.0.0, reportDirectory=reports, autoWebview=false, udid=32002b32ee5b451f, platformName=Android, testName=Untitled, useKeystore=false, test.type=Mobile, device.manufacture=samsung, instrumentApp=false, appiumVersion=1.8.0, device.category=PHONE, autoDismissAlerts=false, reportUrl=C:\Users\Jyothi\appiumstudio-reports\reports\test1632, newSessionWaitTimeout=300, keystorePath=~/.android/debug.keystore, appActivity=com.domaininstance.ui.activities.Splash, waitForDeviceTimeout=120000, device.model=SM-J600GF, device.name=SM-J600GF, autoGrantPermissions=false, takeScreenshots=true, projectName=, autoAcceptAlerts=false}]
Session ID: ee1bb9be-eee5-47f2-b7fb-9270d1f91aa5">
      <![CDATA[org.openqa.selenium.remote.UnreachableBrowserException: Error communicating with the remote browser. It may have died.
Build info: version: '2.52.0', revision: '4c2593cfc3689a7fcd7be52549167e5ccc93ad28', time: '2016-02-11 11:22:43'
System info: host: 'DESKTOP-R1556TJ', ip: '192.168.77.42', os.name: 'Windows 10', os.arch: 'amd64', os.version: '10.0', java.version: '1.8.0_161'
Driver info: driver.version: AndroidDriver
Capabilities [{appPackage=com.community.matrimony, device.majorVersion=8, dontGoHomeOnQuit=false, device.os=Android, noReset=false, dontStopAppOnReset=false, reservationDuration=240, reportFormat=xml, fullReset=false, platform=ANY, deviceUDID=32002b32ee5b451f, install.only.for.update=false, desired={appPackage=com.community.matrimony, appActivity=com.domaininstance.ui.activities.Splash, reportDirectory=reports, reportFormat=xml, udid=32002b32ee5b451f, platformName=Android, testName=Untitled}, device.serialNumber=32002b32ee5b451f, locationServicesAuthorized=false, device.version=8.0.0, reportDirectory=reports, autoWebview=false, udid=32002b32ee5b451f, platformName=Android, testName=Untitled, useKeystore=false, test.type=Mobile, device.manufacture=samsung, instrumentApp=false, appiumVersion=1.8.0, device.category=PHONE, autoDismissAlerts=false, reportUrl=C:\Users\Jyothi\appiumstudio-reports\reports\test1632, newSessionWaitTimeout=300, keystorePath=~/.android/debug.keystore, appActivity=com.domaininstance.ui.activities.Splash, waitForDeviceTimeout=120000, device.model=SM-J600GF, device.name=SM-J600GF, autoGrantPermissions=false, takeScreenshots=true, projectName=, autoAcceptAlerts=false}]
Session ID: ee1bb9be-eee5-47f2-b7fb-9270d1f91aa5
at org.openqa.selenium.remote.RemoteWebDriver.execute(RemoteWebDriver.java:665)
at io.appium.java_client.DefaultGenericMobileDriver.execute(DefaultGenericMobileDriver.java:43)
at io.appium.java_client.AppiumDriver.execute(AppiumDriver.java:1)
at io.appium.java_client.android.AndroidDriver.execute(AndroidDriver.java:1)
at org.openqa.selenium.remote.RemoteWebDriver.findElement(RemoteWebDriver.java:363)
at org.openqa.selenium.remote.RemoteWebDriver.findElementByXPath(RemoteWebDriver.java:500)
at io.appium.java_client.DefaultGenericMobileDriver.findElementByXPath(DefaultGenericMobileDriver.java:129)
at io.appium.java_client.AppiumDriver.findElementByXPath(AppiumDriver.java:1)
at io.appium.java_client.android.AndroidDriver.findElementByXPath(AndroidDriver.java:1)
at org.openqa.selenium.By$ByXPath.findElement(By.java:361)
at org.openqa.selenium.remote.RemoteWebDriver.findElement(RemoteWebDriver.java:355)
at io.appium.java_client.DefaultGenericMobileDriver.findElement(DefaultGenericMobileDriver.java:51)
at io.appium.java_client.AppiumDriver.findElement(AppiumDriver.java:1)
at io.appium.java_client.android.AndroidDriver.findElement(AndroidDriver.java:1)
at com.app.Android_App.Search_by_Id.testUntitled(Search_by_Id.java:132)
at sun.reflect.NativeMethodAccessorImpl.invoke0(Native Method)
at sun.reflect.NativeMethodAccessorImpl.invoke(NativeMethodAccessorImpl.java:62)
at sun.reflect.DelegatingMethodAccessorImpl.invoke(DelegatingMethodAccessorImpl.java:43)
at java.lang.reflect.Method.invoke(Method.java:498)
at org.testng.internal.MethodInvocationHelper.invokeMethod(MethodInvocationHelper.java:124)
at org.testng.internal.Invoker.invokeMethod(Invoker.java:580)
at org.testng.internal.Invoker.invokeTestMethod(Invoker.java:716)
at org.testng.internal.Invoker.invokeTestMethods(Invoker.java:988)
at org.testng.internal.TestMethodWorker.invokeTestMethods(TestMethodWorker.java:125)
at org.testng.internal.TestMethodWorker.run(TestMethodWorker.java:109)
at org.testng.TestRunner.privateRun(TestRunner.java:648)
at org.testng.TestRunner.run(TestRunner.java:505)
at org.testng.SuiteRunner.runTest(SuiteRunner.java:455)
at org.testng.SuiteRunner.runSequentially(SuiteRunner.java:450)
at org.testng.SuiteRunner.privateRun(SuiteRunner.java:415)
at org.testng.SuiteRunner.run(SuiteRunner.java:364)
at org.testng.SuiteRunnerWorker.runSuite(SuiteRunnerWorker.java:52)
at org.testng.SuiteRunnerWorker.run(SuiteRunnerWorker.java:84)
at org.testng.TestNG.runSuitesSequentially(TestNG.java:1208)
at org.testng.TestNG.runSuitesLocally(TestNG.java:1137)
at org.testng.TestNG.runSuites(TestNG.java:1049)
at org.testng.TestNG.run(TestNG.java:1017)
at org.testng.remote.AbstractRemoteTestNG.run(AbstractRemoteTestNG.java:114)
at org.testng.remote.RemoteTestNG.initAndRun(RemoteTestNG.java:251)
at org.testng.remote.RemoteTestNG.main(RemoteTestNG.java:77)
Caused by: org.openqa.selenium.WebDriverException: org.apache.http.conn.HttpHostConnectException: Connect to localhost:4723 [localhost/127.0.0.1, localhost/0:0:0:0:0:0:0:1] failed: Connection refused: connect
Build info: version: '2.52.0', revision: '4c2593cfc3689a7fcd7be52549167e5ccc93ad28', time: '2016-02-11 11:22:43'
System info: host: 'DESKTOP-R1556TJ', ip: '192.168.77.42', os.name: 'Windows 10', os.arch: 'amd64', os.version: '10.0', java.version: '1.8.0_161'
Driver info: driver.version: AndroidDriver
at io.appium.java_client.remote.AppiumCommandExecutor.execute(AppiumCommandExecutor.java:76)
at org.openqa.selenium.remote.RemoteWebDriver.execute(RemoteWebDriver.java:644)
... 39 more
Caused by: org.apache.http.conn.HttpHostConnectException: Connect to localhost:4723 [localhost/127.0.0.1, localhost/0:0:0:0:0:0:0:1] failed: Connection refused: connect
at org.apache.http.impl.conn.DefaultHttpClientConnectionOperator.connect(DefaultHttpClientConnectionOperator.java:158)
at org.apache.http.impl.conn.PoolingHttpClientConnectionManager.connect(PoolingHttpClientConnectionManager.java:353)
at org.apache.http.impl.execchain.MainClientExec.establishRoute(MainClientExec.java:380)
at org.apache.http.impl.execchain.MainClientExec.execute(MainClientExec.java:236)
at org.apache.http.impl.execchain.ProtocolExec.execute(ProtocolExec.java:184)
at org.apache.http.impl.execchain.RetryExec.execute(RetryExec.java:88)
at org.apache.http.impl.execchain.RedirectExec.execute(RedirectExec.java:110)
at org.apache.http.impl.client.InternalHttpClient.doExecute(InternalHttpClient.java:184)
at org.apache.http.impl.client.CloseableHttpClient.execute(CloseableHttpClient.java:71)
at org.apache.http.impl.client.CloseableHttpClient.execute(CloseableHttpClient.java:55)
at org.openqa.selenium.remote.internal.ApacheHttpClient.fallBackExecute(ApacheHttpClient.java:144)
at org.openqa.selenium.remote.internal.ApacheHttpClient.execute(ApacheHttpClient.java:90)
at org.openqa.selenium.remote.HttpCommandExecutor.execute(HttpCommandExecutor.java:142)
at io.appium.java_client.remote.AppiumCommandExecutor.execute(AppiumCommandExecutor.java:64)
... 40 more
Caused by: java.net.ConnectException: Connection refused: connect
at java.net.DualStackPlainSocketImpl.waitForConnect(Native Method)
at java.net.DualStackPlainSocketImpl.socketConnect(DualStackPlainSocketImpl.java:85)
at java.net.AbstractPlainSocketImpl.doConnect(AbstractPlainSocketImpl.java:350)
at java.net.AbstractPlainSocketImpl.connectToAddress(AbstractPlainSocketImpl.java:206)
at java.net.AbstractPlainSocketImpl.connect(AbstractPlainSocketImpl.java:188)
at java.net.PlainSocketImpl.connect(PlainSocketImpl.java:172)
at java.net.SocksSocketImpl.connect(SocksSocketImpl.java:392)
at java.net.Socket.connect(Socket.java:589)
at org.apache.http.conn.socket.PlainConnectionSocketFactory.connectSocket(PlainConnectionSocketFactory.java:74)
at org.apache.http.impl.conn.DefaultHttpClientConnectionOperator.connect(DefaultHttpClientConnectionOperator.java:141)
... 53 more
]]>
    </error>
  </testcase> <!-- testUntitled -->
  <testcase name="tearDown" time="2.018" classname="com.app.Android_App.Search_by_Id">
    <error type="org.openqa.selenium.remote.UnreachableBrowserException" message="Error communicating with the remote browser. It may have died.
Build info: version: &#039;2.52.0&#039;, revision: &#039;4c2593cfc3689a7fcd7be52549167e5ccc93ad28&#039;, time: &#039;2016-02-11 11:22:43&#039;
System info: host: &#039;DESKTOP-R1556TJ&#039;, ip: &#039;192.168.77.42&#039;, os.name: &#039;Windows 10&#039;, os.arch: &#039;amd64&#039;, os.version: &#039;10.0&#039;, java.version: &#039;1.8.0_161&#039;
Driver info: driver.version: AppiumDriver
Capabilities [{appPackage=com.community.matrimony, device.majorVersion=8, dontGoHomeOnQuit=false, device.os=Android, noReset=false, dontStopAppOnReset=false, reservationDuration=240, reportFormat=xml, fullReset=false, platform=ANY, deviceUDID=32002b32ee5b451f, install.only.for.update=false, desired={appPackage=com.community.matrimony, appActivity=com.domaininstance.ui.activities.Splash, reportDirectory=reports, reportFormat=xml, udid=32002b32ee5b451f, platformName=Android, testName=Untitled}, device.serialNumber=32002b32ee5b451f, locationServicesAuthorized=false, device.version=8.0.0, reportDirectory=reports, autoWebview=false, udid=32002b32ee5b451f, platformName=Android, testName=Untitled, useKeystore=false, test.type=Mobile, device.manufacture=samsung, instrumentApp=false, appiumVersion=1.8.0, device.category=PHONE, autoDismissAlerts=false, reportUrl=C:\Users\Jyothi\appiumstudio-reports\reports\test1632, newSessionWaitTimeout=300, keystorePath=~/.android/debug.keystore, appActivity=com.domaininstance.ui.activities.Splash, waitForDeviceTimeout=120000, device.model=SM-J600GF, device.name=SM-J600GF, autoGrantPermissions=false, takeScreenshots=true, projectName=, autoAcceptAlerts=false}]
Session ID: ee1bb9be-eee5-47f2-b7fb-9270d1f91aa5">
      <![CDATA[org.openqa.selenium.remote.UnreachableBrowserException: Error communicating with the remote browser. It may have died.
Build info: version: '2.52.0', revision: '4c2593cfc3689a7fcd7be52549167e5ccc93ad28', time: '2016-02-11 11:22:43'
System info: host: 'DESKTOP-R1556TJ', ip: '192.168.77.42', os.name: 'Windows 10', os.arch: 'amd64', os.version: '10.0', java.version: '1.8.0_161'
Driver info: driver.version: AppiumDriver
Capabilities [{appPackage=com.community.matrimony, device.majorVersion=8, dontGoHomeOnQuit=false, device.os=Android, noReset=false, dontStopAppOnReset=false, reservationDuration=240, reportFormat=xml, fullReset=false, platform=ANY, deviceUDID=32002b32ee5b451f, install.only.for.update=false, desired={appPackage=com.community.matrimony, appActivity=com.domaininstance.ui.activities.Splash, reportDirectory=reports, reportFormat=xml, udid=32002b32ee5b451f, platformName=Android, testName=Untitled}, device.serialNumber=32002b32ee5b451f, locationServicesAuthorized=false, device.version=8.0.0, reportDirectory=reports, autoWebview=false, udid=32002b32ee5b451f, platformName=Android, testName=Untitled, useKeystore=false, test.type=Mobile, device.manufacture=samsung, instrumentApp=false, appiumVersion=1.8.0, device.category=PHONE, autoDismissAlerts=false, reportUrl=C:\Users\Jyothi\appiumstudio-reports\reports\test1632, newSessionWaitTimeout=300, keystorePath=~/.android/debug.keystore, appActivity=com.domaininstance.ui.activities.Splash, waitForDeviceTimeout=120000, device.model=SM-J600GF, device.name=SM-J600GF, autoGrantPermissions=false, takeScreenshots=true, projectName=, autoAcceptAlerts=false}]
Session ID: ee1bb9be-eee5-47f2-b7fb-9270d1f91aa5
at org.openqa.selenium.remote.RemoteWebDriver.execute(RemoteWebDriver.java:665)
at io.appium.java_client.DefaultGenericMobileDriver.execute(DefaultGenericMobileDriver.java:43)
at io.appium.java_client.AppiumDriver.execute(AppiumDriver.java:216)
at io.appium.java_client.AppiumDriver.resetApp(AppiumDriver.java:227)
at com.app.Android_App.Search_by_Id.tearDown(Search_by_Id.java:188)
at sun.reflect.NativeMethodAccessorImpl.invoke0(Native Method)
at sun.reflect.NativeMethodAccessorImpl.invoke(NativeMethodAccessorImpl.java:62)
at sun.reflect.DelegatingMethodAccessorImpl.invoke(DelegatingMethodAccessorImpl.java:43)
at java.lang.reflect.Method.invoke(Method.java:498)
at org.testng.internal.MethodInvocationHelper.invokeMethod(MethodInvocationHelper.java:124)
at org.testng.internal.MethodInvocationHelper.invokeMethodConsideringTimeout(MethodInvocationHelper.java:59)
at org.testng.internal.Invoker.invokeConfigurationMethod(Invoker.java:455)
at org.testng.internal.Invoker.invokeConfigurations(Invoker.java:222)
at org.testng.internal.Invoker.invokeConfigurations(Invoker.java:142)
at org.testng.TestRunner.afterRun(TestRunner.java:725)
at org.testng.TestRunner.run(TestRunner.java:509)
at org.testng.SuiteRunner.runTest(SuiteRunner.java:455)
at org.testng.SuiteRunner.runSequentially(SuiteRunner.java:450)
at org.testng.SuiteRunner.privateRun(SuiteRunner.java:415)
at org.testng.SuiteRunner.run(SuiteRunner.java:364)
at org.testng.SuiteRunnerWorker.runSuite(SuiteRunnerWorker.java:52)
at org.testng.SuiteRunnerWorker.run(SuiteRunnerWorker.java:84)
at org.testng.TestNG.runSuitesSequentially(TestNG.java:1208)
at org.testng.TestNG.runSuitesLocally(TestNG.java:1137)
at org.testng.TestNG.runSuites(TestNG.java:1049)
at org.testng.TestNG.run(TestNG.java:1017)
at org.testng.remote.AbstractRemoteTestNG.run(AbstractRemoteTestNG.java:114)
at org.testng.remote.RemoteTestNG.initAndRun(RemoteTestNG.java:251)
at org.testng.remote.RemoteTestNG.main(RemoteTestNG.java:77)
Caused by: org.openqa.selenium.WebDriverException: org.apache.http.conn.HttpHostConnectException: Connect to localhost:4723 [localhost/127.0.0.1, localhost/0:0:0:0:0:0:0:1] failed: Connection refused: connect
Build info: version: '2.52.0', revision: '4c2593cfc3689a7fcd7be52549167e5ccc93ad28', time: '2016-02-11 11:22:43'
System info: host: 'DESKTOP-R1556TJ', ip: '192.168.77.42', os.name: 'Windows 10', os.arch: 'amd64', os.version: '10.0', java.version: '1.8.0_161'
Driver info: driver.version: AppiumDriver
at io.appium.java_client.remote.AppiumCommandExecutor.execute(AppiumCommandExecutor.java:76)
at org.openqa.selenium.remote.RemoteWebDriver.execute(RemoteWebDriver.java:644)
... 28 more
Caused by: org.apache.http.conn.HttpHostConnectException: Connect to localhost:4723 [localhost/127.0.0.1, localhost/0:0:0:0:0:0:0:1] failed: Connection refused: connect
at org.apache.http.impl.conn.DefaultHttpClientConnectionOperator.connect(DefaultHttpClientConnectionOperator.java:158)
at org.apache.http.impl.conn.PoolingHttpClientConnectionManager.connect(PoolingHttpClientConnectionManager.java:353)
at org.apache.http.impl.execchain.MainClientExec.establishRoute(MainClientExec.java:380)
at org.apache.http.impl.execchain.MainClientExec.execute(MainClientExec.java:236)
at org.apache.http.impl.execchain.ProtocolExec.execute(ProtocolExec.java:184)
at org.apache.http.impl.execchain.RetryExec.execute(RetryExec.java:88)
at org.apache.http.impl.execchain.RedirectExec.execute(RedirectExec.java:110)
at org.apache.http.impl.client.InternalHttpClient.doExecute(InternalHttpClient.java:184)
at org.apache.http.impl.client.CloseableHttpClient.execute(CloseableHttpClient.java:71)
at org.apache.http.impl.client.CloseableHttpClient.execute(CloseableHttpClient.java:55)
at org.openqa.selenium.remote.internal.ApacheHttpClient.fallBackExecute(ApacheHttpClient.java:144)
at org.openqa.selenium.remote.internal.ApacheHttpClient.execute(ApacheHttpClient.java:90)
at org.openqa.selenium.remote.HttpCommandExecutor.execute(HttpCommandExecutor.java:142)
at io.appium.java_client.remote.AppiumCommandExecutor.execute(AppiumCommandExecutor.java:64)
... 29 more
Caused by: java.net.ConnectException: Connection refused: connect
at java.net.DualStackPlainSocketImpl.waitForConnect(Native Method)
at java.net.DualStackPlainSocketImpl.socketConnect(DualStackPlainSocketImpl.java:85)
at java.net.AbstractPlainSocketImpl.doConnect(AbstractPlainSocketImpl.java:350)
at java.net.AbstractPlainSocketImpl.connectToAddress(AbstractPlainSocketImpl.java:206)
at java.net.AbstractPlainSocketImpl.connect(AbstractPlainSocketImpl.java:188)
at java.net.PlainSocketImpl.connect(PlainSocketImpl.java:172)
at java.net.SocksSocketImpl.connect(SocksSocketImpl.java:392)
at java.net.Socket.connect(Socket.java:589)
at org.apache.http.conn.socket.PlainConnectionSocketFactory.connectSocket(PlainConnectionSocketFactory.java:74)
at org.apache.http.impl.conn.DefaultHttpClientConnectionOperator.connect(DefaultHttpClientConnectionOperator.java:141)
... 42 more
]]>
    </error>
  </testcase> <!-- tearDown -->
</testsuite> <!-- com.app.Android_App.Search_by_Id -->
