<?xml version="1.0" encoding="UTF-8"?>
<!-- Generated by org.testng.reporters.JUnitReportReporter -->
<testsuite skipped="0" hostname="10503-2F-INA523X9ZX" name="com.TestScripts.LoginTest" tests="1" failures="0" timestamp="03 Oct 2019 05:59:33 GMT" time="19.936" errors="0">
  <testcase name="login" time="19.936" classname="com.TestScripts.LoginTest"/>
</testsuite> <!-- com.TestScripts.LoginTest -->
