<?xml version="1.0" encoding="UTF-8"?>
<!-- Generated by org.testng.reporters.JUnitReportReporter -->
<testsuite skipped="0" hostname="10503-2F-PG018EM7" name="com.TestScripts.Communication_Api_Test" tests="2" failures="0" timestamp="17 Jul 2019 08:27:15 GMT" time="61.909" errors="0">
  <testcase name="Inbox_verify" time="50.088" classname="com.TestScripts.Communication_Api_Test"/>
  <testcase name="communicationDetails" time="11.821" classname="com.TestScripts.Communication_Api_Test"/>
</testsuite> <!-- com.TestScripts.Communication_Api_Test -->
