<?xml version="1.0" encoding="UTF-8"?>
<!-- Generated by org.testng.reporters.JUnitReportReporter -->
<testsuite skipped="1" hostname="DESKTOP-E21Q8AT" name="com.TestScripts.Daily7Test" tests="2" failures="0" timestamp="04 Jul 2019 10:00:47 GMT" time="4.486" errors="0">
  <testcase name="dailySeven" time="4.486" classname="com.TestScripts.Daily7Test"/>
  <testcase name="Inbox_verify" classname="com.TestScripts.Daily7Test">
    <skipped/>
  </testcase> <!-- Inbox_verify -->
</testsuite> <!-- com.TestScripts.Daily7Test -->
