<?xml version="1.0" encoding="UTF-8"?>
<!-- Generated by org.testng.reporters.JUnitReportReporter -->
<testsuite skipped="0" hostname="DESKTOP-E21Q8AT" name="com.TestScripts.ExcelConvert" tests="1" failures="0" timestamp="26 Jun 2019 06:41:24 GMT" time="37.244" errors="0">
  <testcase name="Inbox_verify" time="37.244" classname="com.TestScripts.ExcelConvert"/>
</testsuite> <!-- com.TestScripts.ExcelConvert -->
