<?xml version="1.0" encoding="UTF-8"?>
<!-- Generated by org.testng.reporters.JUnitReportReporter -->
<testsuite skipped="0" hostname="DESKTOP-E21Q8AT" name="com.TestScripts.APiTest" tests="2" failures="0" timestamp="26 Jun 2019 11:26:18 GMT" time="69.743" errors="0">
  <testcase name="Inbox_verify" time="57.260" classname="com.TestScripts.APiTest"/>
  <testcase name="communicationDetails" time="12.483" classname="com.TestScripts.APiTest"/>
</testsuite> <!-- com.TestScripts.APiTest -->
