<?xml version="1.0" encoding="UTF-8"?>
<!-- Generated by org.testng.reporters.JUnitReportReporter -->
<testsuite skipped="0" hostname="10503-INA523X9ZX-D" name="com.Testscripts.DivorceePayment" tests="1" failures="0" timestamp="19 Jul 2019 09:39:42 GMT" time="145.668" errors="0">
  <testcase name="divorceePayment" time="145.668" classname="com.Testscripts.DivorceePayment"/>
</testsuite> <!-- com.Testscripts.DivorceePayment -->
