<?xml version="1.0" encoding="UTF-8"?>
<!-- Generated by org.testng.reporters.JUnitReportReporter -->
<testsuite skipped="0" hostname="10503-2F-INA523X9ZX" name="TestScripts.wcsm" tests="1" failures="0" timestamp="26 Nov 2019 12:40:45 GMT" time="89.388" errors="0">
  <testcase name="loginTest" time="89.388" classname="TestScripts.wcsm"/>
</testsuite> <!-- TestScripts.wcsm -->
