<?xml version="1.0" encoding="UTF-8"?>
<!-- Generated by org.testng.reporters.JUnitReportReporter -->
<testsuite skipped="0" hostname="10503-INA523X9ZX-D" name="TestScripts.Login" tests="1" failures="0" timestamp="18 Jul 2019 10:57:41 GMT" time="36.191" errors="0">
  <testcase name="loginTest" time="36.191" classname="TestScripts.Login"/>
</testsuite> <!-- TestScripts.Login -->
