<?xml version="1.0" encoding="UTF-8"?>
<!-- Generated by org.testng.reporters.JUnitReportReporter -->
<testsuite hostname="10503-2F-PG018EM7" name="testscripts.RegisterTest" tests="1" failures="0" timestamp="19 Nov 2019 10:07:40 GMT" time="387.789" errors="0">
  <testcase name="registerTest" time="387.789" classname="testscripts.RegisterTest"/>
</testsuite> <!-- testscripts.RegisterTest -->
