<?xml version="1.0" encoding="UTF-8"?>
<!-- Generated by org.testng.reporters.JUnitReportReporter -->
<testsuite skipped="0" hostname="DESKTOP-2EHDPTI" name="test.WFM.SendInterestviewednotcontacted" tests="1" failures="0" timestamp="27 Mar 2020 07:13:59 GMT" time="66.801" errors="0">
  <testcase name="testUntitled" time="66.801" classname="test.WFM.SendInterestviewednotcontacted"/>
</testsuite> <!-- test.WFM.SendInterestviewednotcontacted -->
