<?xml version="1.0" encoding="UTF-8"?>
<!-- Generated by org.testng.reporters.JUnitReportReporter -->
<testsuite skipped="0" hostname="DESKTOP-2EHDPTI" name="test.WFM.SendInterestLastMatches" tests="1" failures="0" timestamp="27 Mar 2020 05:53:09 GMT" time="57.137" errors="0">
  <testcase name="testUntitled" time="57.137" classname="test.WFM.SendInterestLastMatches"/>
</testsuite> <!-- test.WFM.SendInterestLastMatches -->
