<?xml version="1.0" encoding="UTF-8"?>
<!-- Generated by org.testng.reporters.JUnitReportReporter -->
<testsuite skipped="0" hostname="DESKTOP-2EHDPTI" name="Logic.StageRegistration" tests="1" failures="0" timestamp="03 Sep 2020 13:10:20 GMT" time="286.741" errors="0">
  <testcase name="test" time="286.741" classname="Logic.StageRegistration"/>
</testsuite> <!-- Logic.StageRegistration -->
