<?xml version="1.0" encoding="UTF-8"?>
<!-- Generated by org.testng.reporters.JUnitReportReporter -->
<testsuite skipped="0" hostname="DESKTOP-2EHDPTI" name="Logic.WcsmPI" tests="1" failures="0" timestamp="27 Nov 2019 12:16:11 GMT" time="154.179" errors="0">
  <testcase name="testUntitled" time="154.179" classname="Logic.WcsmPI"/>
</testsuite> <!-- Logic.WcsmPI -->
