<?xml version="1.0" encoding="UTF-8"?>
<!-- Generated by org.testng.reporters.JUnitReportReporter -->
<testsuite skipped="0" hostname="DESKTOP-2EHDPTI" name="Logic.WcsmPP" tests="1" failures="0" timestamp="17 Dec 2019 10:52:30 GMT" time="556.650" errors="0">
  <testcase name="testUntitled" time="556.650" classname="Logic.WcsmPP"/>
</testsuite> <!-- Logic.WcsmPP -->
