<?xml version="1.0" encoding="UTF-8"?>
<!-- Generated by org.testng.reporters.JUnitReportReporter -->
<testsuite skipped="0" hostname="DESKTOP-2EHDPTI" name="Logic.WcsmMale" tests="1" failures="0" timestamp="16 Nov 2019 11:05:01 GMT" time="110.793" errors="0">
  <testcase name="testUntitled" time="110.793" classname="Logic.WcsmMale"/>
</testsuite> <!-- Logic.WcsmMale -->
