<?xml version="1.0" encoding="UTF-8"?>
<!-- Generated by org.testng.reporters.JUnitReportReporter -->
<testsuite skipped="0" hostname="DESKTOP-2EHDPTI" name="Logic.WcsmFemalePI" tests="1" failures="0" timestamp="19 Mar 2020 07:13:51 GMT" time="292.484" errors="0">
  <testcase name="testUntitled" time="292.484" classname="Logic.WcsmFemalePI"/>
</testsuite> <!-- Logic.WcsmFemalePI -->
