<?xml version="1.0" encoding="UTF-8"?>
<!-- Generated by org.testng.reporters.JUnitReportReporter -->
<testsuite skipped="0" hostname="DESKTOP-2EHDPTI" name="Logic.StageRegistration" tests="1" failures="0" timestamp="02 Jan 2020 06:37:46 GMT" time="550.542" errors="0">
  <testcase name="test" time="550.542" classname="Logic.StageRegistration"/>
</testsuite> <!-- Logic.StageRegistration -->
