<?xml version="1.0" encoding="UTF-8"?>
<!-- Generated by org.testng.reporters.JUnitReportReporter -->
<testsuite skipped="0" hostname="DESKTOP-2EHDPTI" name="Logic.NegativePaymentGold" tests="1" failures="0" timestamp="07 Nov 2019 09:25:45 GMT" time="206.397" errors="0">
  <testcase name="testUntitled" time="206.397" classname="Logic.NegativePaymentGold"/>
</testsuite> <!-- Logic.NegativePaymentGold -->
