<?xml version="1.0" encoding="UTF-8"?>
<!-- Generated by org.testng.reporters.JUnitReportReporter -->
<testsuite skipped="0" hostname="DESKTOP-2EHDPTI" name="Logic.WcsmEditPP" tests="1" failures="0" timestamp="03 Dec 2019 06:28:03 GMT" time="724.586" errors="0">
  <testcase name="testUntitled" time="724.586" classname="Logic.WcsmEditPP"/>
</testsuite> <!-- Logic.WcsmEditPP -->
