<?xml version="1.0" encoding="UTF-8"?>
<!-- Generated by org.testng.reporters.JUnitReportReporter -->
<testsuite skipped="0" hostname="DESKTOP-2EHDPTI" name="Logic.PasswordCheck" tests="1" failures="0" timestamp="24 Feb 2020 06:31:55 GMT" time="145.192" errors="0">
  <testcase name="testUntitled" time="145.192" classname="Logic.PasswordCheck"/>
</testsuite> <!-- Logic.PasswordCheck -->
