<?xml version="1.0" encoding="UTF-8"?>
<!-- Generated by org.testng.reporters.JUnitReportReporter -->
<testsuite hostname="DESKTOP-E21Q8AT" name="testscripts.RegularSearch" tests="1" failures="0" timestamp="1 Apr 2019 09:13:50 GMT" time="202.504" errors="0">
  <testcase name="loginTest" time="202.504" classname="testscripts.RegularSearch"/>
</testsuite> <!-- testscripts.RegularSearch -->
