<?xml version="1.0" encoding="UTF-8"?>
<!-- Generated by org.testng.reporters.JUnitReportReporter -->
<testsuite skipped="0" hostname="DESKTOP-E21Q8AT" name="testscripts.ViewProfileS2Test" tests="1" failures="0" timestamp="08 Apr 2019 10:19:57 GMT" time="165.305" errors="0">
  <testcase name="viewProfiletest" time="165.305" classname="testscripts.ViewProfileS2Test"/>
</testsuite> <!-- testscripts.ViewProfileS2Test -->
