<?xml version="1.0" encoding="UTF-8"?>
<!-- Generated by org.testng.reporters.JUnitReportReporter -->
<testsuite skipped="0" hostname="DESKTOP-E21Q8AT" name="testscripts.EditProfileTest" tests="1" failures="0" timestamp="02 May 2019 06:39:47 GMT" time="52.628" errors="0">
  <testcase name="editProfileTest" time="52.628" classname="testscripts.EditProfileTest"/>
</testsuite> <!-- testscripts.EditProfileTest -->
