<?xml version="1.0" encoding="UTF-8"?>
<!-- Generated by org.testng.reporters.JUnitReportReporter -->
<testsuite skipped="0" hostname="10503-2F-FLYVDV2" name="com.testscripts.PaymentBanner" tests="1" failures="0" timestamp="2019-11-12T15:49:03 IST" time="98.988" errors="0">
  <testcase name="upgardeBanner" time="98.988" classname="com.testscripts.PaymentBanner"/>
</testsuite> <!-- com.testscripts.PaymentBanner -->
