<?xml version="1.0" encoding="UTF-8"?>
<!-- Generated by org.testng.reporters.JUnitReportReporter -->
<testsuite skipped="0" hostname="10503-2F-FLYVDV2" name="com.testscripts.IntrestReceivedTest" tests="1" failures="0" timestamp="2019-11-12T16:26:11 IST" time="66.431" errors="0">
  <testcase name="intrestReceived" time="66.431" classname="com.testscripts.IntrestReceivedTest"/>
</testsuite> <!-- com.testscripts.IntrestReceivedTest -->
