<?xml version="1.0" encoding="UTF-8"?>
<!-- Generated by org.testng.reporters.JUnitReportReporter -->
<testsuite skipped="0" hostname="10503-2F-FLYVDV2" name="com.testscripts.InboxTest2" tests="1" failures="0" timestamp="2019-11-12T15:35:36 IST" time="56.179" errors="0">
  <testcase name="testCase" time="56.179" classname="com.testscripts.InboxTest2"/>
</testsuite> <!-- com.testscripts.InboxTest2 -->
