<?xml version="1.0" encoding="UTF-8"?>
<!-- Generated by org.testng.reporters.JUnitReportReporter -->
<testsuite skipped="0" hostname="10503-2F-FLYVDV2" name="com.testscripts.MyHomeMatchesCountTest" tests="1" failures="0" timestamp="2019-11-12T15:46:56 IST" time="169.289" errors="0">
  <testcase name="LatestmatchesCount" time="169.289" classname="com.testscripts.MyHomeMatchesCountTest"/>
</testsuite> <!-- com.testscripts.MyHomeMatchesCountTest -->
