<?xml version="1.0" encoding="UTF-8"?>
<!-- Generated by org.testng.reporters.JUnitReportReporter -->
<testsuite skipped="0" hostname="10503-2F-FLYVDV2" name="com.testscripts.SortScrollTest" tests="1" failures="0" timestamp="2019-11-08T18:15:36 IST" time="153.550" errors="0">
  <testcase name="sortTest" time="153.550" classname="com.testscripts.SortScrollTest"/>
</testsuite> <!-- com.testscripts.SortScrollTest -->
