<?xml version="1.0" encoding="UTF-8"?>
<!-- Generated by org.testng.reporters.JUnitReportReporter -->
<testsuite skipped="0" hostname="10503-2F-FLYVDV2" name="com.testscripts.ViewProfileRequestTest" tests="1" failures="0" timestamp="2019-11-01T15:01:37 IST" time="73.104" errors="0">
  <testcase name="viewProfileRequesstTest" time="73.104" classname="com.testscripts.ViewProfileRequestTest"/>
</testsuite> <!-- com.testscripts.ViewProfileRequestTest -->
