<?xml version="1.0" encoding="UTF-8"?>
<!-- Generated by org.testng.reporters.JUnitReportReporter -->
<testsuite skipped="0" hostname="10503-2F-FLYVDV2" name="com.testscripts.IntrestPendingBannerTest" tests="1" failures="0" timestamp="2019-11-12T16:05:02 IST" time="69.723" errors="0">
  <testcase name="intrestPending" time="69.723" classname="com.testscripts.IntrestPendingBannerTest"/>
</testsuite> <!-- com.testscripts.IntrestPendingBannerTest -->
