<?xml version="1.0" encoding="UTF-8"?>
<!-- Generated by org.testng.reporters.JUnitReportReporter -->
<testsuite skipped="0" hostname="10503-2F-FLYVDV2" name="com.testscripts.ShortlistedMeScroll" tests="1" failures="0" timestamp="2019-11-12T15:53:07 IST" time="87.176" errors="0">
  <testcase name="whoShortlistedMeScrollTest" time="87.176" classname="com.testscripts.ShortlistedMeScroll"/>
</testsuite> <!-- com.testscripts.ShortlistedMeScroll -->
