<?xml version="1.0" encoding="UTF-8"?>
<!-- Generated by org.testng.reporters.JUnitReportReporter -->
<testsuite hostname="DESKTOP-E21Q8AT" name="testscripts.RegisterTest" tests="1" failures="0" timestamp="11 Jun 2019 10:00:05 GMT" time="131.163" errors="0">
  <testcase name="registerTest" time="131.163" classname="testscripts.RegisterTest"/>
</testsuite> <!-- testscripts.RegisterTest -->
