<?xml version="1.0" encoding="UTF-8"?>
<!-- Generated by org.testng.reporters.JUnitReportReporter -->
<testsuite skipped="0" hostname="10503-2F-FLYVDV2" name="Functionalites.Memberswhohaveviewedyourprofile" tests="1" failures="0" timestamp="14 Nov 2019 08:57:38 GMT" time="158.287" errors="0">
  <testcase name="setUp2" time="158.287" classname="Functionalites.Memberswhohaveviewedyourprofile"/>
</testsuite> <!-- Functionalites.Memberswhohaveviewedyourprofile -->
