<?xml version="1.0" encoding="UTF-8"?>
<!-- Generated by org.testng.reporters.JUnitReportReporter -->
<testsuite skipped="0" hostname="10503-2F-FLYVDV2" name="Functionalites.Bannerpaymentchecktest" tests="1" failures="0" timestamp="08 Nov 2019 05:43:14 GMT" time="195.161" errors="0">
  <testcase name="setUp2" time="195.161" classname="Functionalites.Bannerpaymentchecktest"/>
</testsuite> <!-- Functionalites.Bannerpaymentchecktest -->
