<?xml version="1.0" encoding="UTF-8"?>
<!-- Generated by org.testng.reporters.JUnitReportReporter -->
<testsuite skipped="0" hostname="10503-2F-FLYVDV2" name="Functionalites.WCSMAGEMale" tests="1" failures="0" timestamp="12 Nov 2019 06:07:39 GMT" time="117.880" errors="0">
  <testcase name="setUp2" time="117.880" classname="Functionalites.WCSMAGEMale"/>
</testsuite> <!-- Functionalites.WCSMAGEMale -->
