<?xml version="1.0" encoding="UTF-8"?>
<!-- Generated by org.testng.reporters.JUnitReportReporter -->
<testsuite skipped="0" hostname="10503-2F-FLYVDV2" name="Functionalites.Whoshortlistedme" tests="1" failures="0" timestamp="18 Nov 2019 06:48:59 GMT" time="129.146" errors="0">
  <testcase name="setUp2" time="129.146" classname="Functionalites.Whoshortlistedme"/>
</testsuite> <!-- Functionalites.Whoshortlistedme -->
