<?xml version="1.0" encoding="UTF-8"?>
<!-- Generated by org.testng.reporters.JUnitReportReporter -->
<testsuite skipped="0" hostname="10503-2F-FLYVDV2" name="napalimatrimony.copy.Whoviewedmymobile" tests="1" failures="0" timestamp="28 Oct 2019 12:00:29 GMT" time="113.160" errors="0">
  <testcase name="setUp2" time="113.160" classname="napalimatrimony.copy.Whoviewedmymobile"/>
</testsuite> <!-- napalimatrimony.copy.Whoviewedmymobile -->
