<?xml version="1.0" encoding="UTF-8"?>
<!-- Generated by org.testng.reporters.JUnitReportReporter -->
<testsuite skipped="0" hostname="10503-2F-FLYVDV2" name="Functionalites.Rasiwithmothertoungh" tests="1" failures="0" timestamp="20 Sep 2019 13:53:49 GMT" time="105.995" errors="0">
  <testcase name="setUp2" time="105.995" classname="Functionalites.Rasiwithmothertoungh"/>
</testsuite> <!-- Functionalites.Rasiwithmothertoungh -->
