<?xml version="1.0" encoding="UTF-8"?>
<!-- Generated by org.testng.reporters.JUnitReportReporter -->
<testsuite skipped="0" hostname="10503-2F-FLYVDV2" name="Functionalites.WCSMannualincomefemale" tests="1" failures="0" timestamp="18 Nov 2019 06:46:11 GMT" time="70.966" errors="0">
  <testcase name="setUp2" time="70.966" classname="Functionalites.WCSMannualincomefemale"/>
</testsuite> <!-- Functionalites.WCSMannualincomefemale -->
