<?xml version="1.0" encoding="UTF-8"?>
<!-- Generated by org.testng.reporters.JUnitReportReporter -->
<testsuite skipped="0" hostname="10503-2F-FLYVDV2" name="napalimatrimony.copy.UpgrateExcel" tests="1" failures="0" timestamp="28 Oct 2019 10:51:54 GMT" time="123.482" errors="0">
  <testcase name="setUp2" time="123.482" classname="napalimatrimony.copy.UpgrateExcel"/>
</testsuite> <!-- napalimatrimony.copy.UpgrateExcel -->
