<?xml version="1.0" encoding="UTF-8"?>
<!-- Generated by org.testng.reporters.JUnitReportReporter -->
<testsuite skipped="0" hostname="10503-2F-FLYVDV2" name="Functionalites.Whoviewmyprofile" tests="1" failures="0" timestamp="21 Oct 2019 06:13:37 GMT" time="94.104" errors="0">
  <testcase name="setUp2" time="94.104" classname="Functionalites.Whoviewmyprofile"/>
</testsuite> <!-- Functionalites.Whoviewmyprofile -->
