<?xml version="1.0" encoding="UTF-8"?>
<!-- Generated by org.testng.reporters.JUnitReportReporter -->
<testsuite skipped="0" hostname="10503-2F-FLYVDV2" name="napalimatrimony.copy.PPandeditsearch" tests="1" failures="0" timestamp="28 Oct 2019 06:34:27 GMT" time="148.456" errors="0">
  <testcase name="setUp2" time="148.456" classname="napalimatrimony.copy.PPandeditsearch"/>
</testsuite> <!-- napalimatrimony.copy.PPandeditsearch -->
