<?xml version="1.0" encoding="UTF-8"?>
<!-- Generated by org.testng.reporters.JUnitReportReporter -->
<testsuite skipped="0" hostname="10503-2F-FLYVDV2" name="Functionalites.Profilecompleted" tests="1" failures="0" timestamp="15 Nov 2019 06:44:29 GMT" time="240.602" errors="0">
  <testcase name="setUp2" time="240.602" classname="Functionalites.Profilecompleted"/>
</testsuite> <!-- Functionalites.Profilecompleted -->
