<?xml version="1.0" encoding="UTF-8"?>
<!-- Generated by org.testng.reporters.JUnitReportReporter -->
<testsuite skipped="0" hostname="10503-2F-FLYVDV2" name="Functionalites.UpgrateExcel" tests="1" failures="0" timestamp="08 Nov 2019 08:04:05 GMT" time="157.443" errors="0">
  <testcase name="setUp2" time="157.443" classname="Functionalites.UpgrateExcel"/>
</testsuite> <!-- Functionalites.UpgrateExcel -->
