<?xml version="1.0" encoding="UTF-8"?>
<!-- Generated by org.testng.reporters.JUnitReportReporter -->
<testsuite skipped="0" hostname="10503-2F-FLYVDV2" name="napalimatrimony.copy.Bannerpaymentcheck" tests="1" failures="0" timestamp="28 Oct 2019 06:30:53 GMT" time="197.477" errors="0">
  <testcase name="setUp2" time="197.477" classname="napalimatrimony.copy.Bannerpaymentcheck"/>
</testsuite> <!-- napalimatrimony.copy.Bannerpaymentcheck -->
