<?xml version="1.0" encoding="UTF-8"?>
<!-- Generated by org.testng.reporters.JUnitReportReporter -->
<testsuite skipped="0" hostname="10503-2F-FLYVDV2" name="Functionalites.AddonpackcheckDiamond" tests="1" failures="0" timestamp="15 Nov 2019 09:31:49 GMT" time="245.469" errors="0">
  <testcase name="setUp2" time="245.469" classname="Functionalites.AddonpackcheckDiamond"/>
</testsuite> <!-- Functionalites.AddonpackcheckDiamond -->
