<?xml version="1.0" encoding="UTF-8"?>
<!-- Generated by org.testng.reporters.JUnitReportReporter -->
<testsuite skipped="0" hostname="10503-2F-FLYVDV2" name="Functionalites.WCSM" tests="1" failures="0" timestamp="03 Oct 2019 11:50:08 GMT" time="116.602" errors="0">
  <testcase name="setUp2" time="116.602" classname="Functionalites.WCSM"/>
</testsuite> <!-- Functionalites.WCSM -->
