<?xml version="1.0" encoding="UTF-8"?>
<!-- Generated by org.testng.reporters.JUnitReportReporter -->
<testsuite skipped="0" hostname="10503-2F-FLYVDV2" name="Functionalites.Bannerpaymentcheck" tests="1" failures="0" timestamp="08 Nov 2019 05:39:24 GMT" time="188.181" errors="0">
  <testcase name="setUp2" time="188.181" classname="Functionalites.Bannerpaymentcheck"/>
</testsuite> <!-- Functionalites.Bannerpaymentcheck -->
