<?xml version="1.0" encoding="UTF-8"?>
<!-- Generated by org.testng.reporters.JUnitReportReporter -->
<testsuite skipped="0" hostname="10503-2F-FLYVDV2" name="Functionalites.WCSMFemale" tests="1" failures="0" timestamp="08 Nov 2019 08:28:17 GMT" time="95.125" errors="0">
  <testcase name="setUp2" time="95.125" classname="Functionalites.WCSMFemale"/>
</testsuite> <!-- Functionalites.WCSMFemale -->
