<?xml version="1.0" encoding="UTF-8"?>
<!-- Generated by org.testng.reporters.JUnitReportReporter -->
<testsuite skipped="0" hostname="10503-2F-FLYVDV2" name="Functionalites.Starwithmothertounge" tests="1" failures="0" timestamp="08 Nov 2019 07:13:13 GMT" time="98.296" errors="0">
  <testcase name="setUp2" time="98.296" classname="Functionalites.Starwithmothertounge"/>
</testsuite> <!-- Functionalites.Starwithmothertounge -->
