<?xml version="1.0" encoding="UTF-8"?>
<!-- Generated by org.testng.reporters.JUnitReportReporter -->
<testsuite skipped="0" hostname="10503-2F-FLYVDV2" name="Functionalites.Addonpackcheck" tests="1" failures="0" timestamp="16 Nov 2019 05:44:44 GMT" time="267.255" errors="0">
  <testcase name="setUp2" time="267.255" classname="Functionalites.Addonpackcheck"/>
</testsuite> <!-- Functionalites.Addonpackcheck -->
