<?xml version="1.0" encoding="UTF-8"?>
<!-- Generated by org.testng.reporters.JUnitReportReporter -->
<testsuite skipped="0" hostname="10503-2F-FLYVDV2" name="Functionalites.Getdata2restassured" tests="2" failures="0" timestamp="16 Nov 2019 09:11:07 GMT" time="2.849" errors="0">
  <testcase name="testResponsecode" time="2.611" classname="Functionalites.Getdata2restassured"/>
  <testcase name="testbody" time="0.238" classname="Functionalites.Getdata2restassured"/>
</testsuite> <!-- Functionalites.Getdata2restassured -->
