<?xml version="1.0" encoding="UTF-8"?>
<!-- Generated by org.testng.reporters.JUnitReportReporter -->
<testsuite skipped="0" hostname="10503-2F-FLYVDV2" name="Functionalites.Membershipplanexcel" tests="1" failures="0" timestamp="13 Nov 2019 06:56:38 GMT" time="124.129" errors="0">
  <testcase name="setUp2" time="124.129" classname="Functionalites.Membershipplanexcel"/>
</testsuite> <!-- Functionalites.Membershipplanexcel -->
