<?xml version="1.0" encoding="UTF-8"?>
<!-- Generated by org.testng.reporters.JUnitReportReporter -->
<testsuite skipped="0" hostname="10503-2F-FLYVDV2" name="napalimatrimony.copy.StarwithmothertoungePP" tests="1" failures="0" timestamp="14 Oct 2019 09:39:46 GMT" time="261.227" errors="0">
  <testcase name="setUp2" time="261.227" classname="napalimatrimony.copy.StarwithmothertoungePP"/>
</testsuite> <!-- napalimatrimony.copy.StarwithmothertoungePP -->
