<?xml version="1.0" encoding="UTF-8"?>
<!-- Generated by org.testng.reporters.JUnitReportReporter -->
<testsuite skipped="0" hostname="10503-2F-FLYVDV2" name="Functionalites.StarwithmothertoungePP3" tests="1" failures="0" timestamp="23 Sep 2019 05:35:51 GMT" time="355.237" errors="0">
  <testcase name="setUp2" time="355.237" classname="Functionalites.StarwithmothertoungePP3"/>
</testsuite> <!-- Functionalites.StarwithmothertoungePP3 -->
