<?xml version="1.0" encoding="UTF-8"?>
<!-- Generated by org.testng.reporters.JUnitReportReporter -->
<testsuite skipped="0" hostname="10503-2F-FLYVDV2" name="Functionalites.WCSMAGEFemale" tests="1" failures="0" timestamp="12 Nov 2019 06:05:05 GMT" time="109.190" errors="0">
  <testcase name="setUp2" time="109.190" classname="Functionalites.WCSMAGEFemale"/>
</testsuite> <!-- Functionalites.WCSMAGEFemale -->
