<?xml version="1.0" encoding="UTF-8"?>
<!-- Generated by org.testng.reporters.JUnitReportReporter -->
<testsuite skipped="0" hostname="10503-2F-FLYVDV2" name="Functionalites.Youractivityboard" tests="1" failures="0" timestamp="08 Nov 2019 08:58:25 GMT" time="268.520" errors="0">
  <testcase name="setUp2" time="268.520" classname="Functionalites.Youractivityboard"/>
</testsuite> <!-- Functionalites.Youractivityboard -->
