<?xml version="1.0" encoding="UTF-8"?>
<!-- Generated by org.testng.reporters.JUnitReportReporter -->
<testsuite skipped="0" hostname="10503-2F-FLYVDV2" name="Functionalites.Practise" tests="1" failures="0" timestamp="03 Oct 2019 11:26:08 GMT" time="2.662" errors="0">
  <testcase name="setUp2" time="2.662" classname="Functionalites.Practise"/>
</testsuite> <!-- Functionalites.Practise -->
