<?xml version="1.0" encoding="UTF-8"?>
<!-- Generated by org.testng.reporters.JUnitReportReporter -->
<testsuite skipped="0" hostname="10503-2F-FLYVDV2" name="Functionalites.DB" tests="1" failures="0" timestamp="15 Oct 2019 12:53:55 GMT" time="107.317" errors="0">
  <testcase name="setUp2" time="107.317" classname="Functionalites.DB"/>
</testsuite> <!-- Functionalites.DB -->
