<?xml version="1.0" encoding="UTF-8"?>
<!-- Generated by org.testng.reporters.JUnitReportReporter -->
<testsuite skipped="0" hostname="10503-2F-FLYVDV2" name="napalimatrimony.copy.Whoviewmyprofile" tests="1" failures="0" timestamp="28 Oct 2019 12:04:32 GMT" time="131.449" errors="0">
  <testcase name="setUp2" time="131.449" classname="napalimatrimony.copy.Whoviewmyprofile"/>
</testsuite> <!-- napalimatrimony.copy.Whoviewmyprofile -->
