<?xml version="1.0" encoding="UTF-8"?>
<!-- Generated by org.testng.reporters.JUnitReportReporter -->
<testsuite skipped="0" hostname="10503-2F-FLYVDV2" name="Functionalites.StarwithmothertoungePP" tests="1" failures="0" timestamp="08 Nov 2019 07:29:37 GMT" time="93.081" errors="0">
  <testcase name="setUp2" time="93.081" classname="Functionalites.StarwithmothertoungePP"/>
</testsuite> <!-- Functionalites.StarwithmothertoungePP -->
