<?xml version="1.0" encoding="UTF-8"?>
<!-- Generated by org.testng.reporters.JUnitReportReporter -->
<testsuite skipped="0" hostname="10503-2F-FLYVDV2" name="Functionalites.WCSMMatialstatusmale" tests="1" failures="0" timestamp="08 Nov 2019 08:41:01 GMT" time="123.757" errors="0">
  <testcase name="setUp2" time="123.757" classname="Functionalites.WCSMMatialstatusmale"/>
</testsuite> <!-- Functionalites.WCSMMatialstatusmale -->
