<?xml version="1.0" encoding="UTF-8"?>
<!-- Generated by org.testng.reporters.JUnitReportReporter -->
<testsuite skipped="0" hostname="10503-2F-FLYVDV2" name="Functionalites.Whoviewedmymobile" tests="1" failures="0" timestamp="18 Nov 2019 06:53:43 GMT" time="106.847" errors="0">
  <testcase name="setUp2" time="106.847" classname="Functionalites.Whoviewedmymobile"/>
</testsuite> <!-- Functionalites.Whoviewedmymobile -->
