<?xml version="1.0" encoding="UTF-8"?>
<!-- Generated by org.testng.reporters.JUnitReportReporter -->
<testsuite skipped="0" hostname="10503-2F-FLYVDV2" name="napalimatrimony.copy.Profilecompleteduploadhoroscope2" tests="1" failures="0" timestamp="28 Oct 2019 07:52:06 GMT" time="197.320" errors="0">
  <testcase name="setUp2" time="197.320" classname="napalimatrimony.copy.Profilecompleteduploadhoroscope2"/>
</testsuite> <!-- napalimatrimony.copy.Profilecompleteduploadhoroscope2 -->
