<?xml version="1.0" encoding="UTF-8"?>
<!-- Generated by org.testng.reporters.JUnitReportReporter -->
<testsuite skipped="0" hostname="10503-2F-FLYVDV2" name="napalimatrimony.copy.Profilecompleted" tests="1" failures="0" timestamp="28 Oct 2019 07:08:12 GMT" time="236.753" errors="0">
  <testcase name="setUp2" time="236.753" classname="napalimatrimony.copy.Profilecompleted"/>
</testsuite> <!-- napalimatrimony.copy.Profilecompleted -->
