<?xml version="1.0" encoding="UTF-8"?>
<!-- Generated by org.testng.reporters.JUnitReportReporter -->
<testsuite hostname="DESKTOP-2EHDPTI" name="Task.com.Matri.com.EditPI" tests="1" failures="1" timestamp="5 Aug 2019 08:39:15 GMT" time="3.142" errors="0">
  <testcase name="testUntitled" time="3.142" classname="Task.com.Matri.com.EditPI">
    <failure type="java.lang.Error" message="Unresolved compilation problems: 
	The method findElementByXPath(String) is undefined for the type WebDriver
	The method findElementByXPath(String) is undefined for the type WebDriver
	The method swipe(int, int, int, int, int) is undefined for the type WebDriver
	The method swipe(int, int, int, int, int) is undefined for the type WebDriver
	The method swipe(int, int, int, int, int) is undefined for the type WebDriver
	The method findElementByXPath(String) is undefined for the type WebDriver
	The method findElementByXPath(String) is undefined for the type WebDriver
	The method findElementByXPath(String) is undefined for the type WebDriver
	The method findElementByXPath(String) is undefined for the type WebDriver
	The method findElementByXPath(String) is undefined for the type WebDriver
	The method findElementByXPath(String) is undefined for the type WebDriver
	The method findElementByXPath(String) is undefined for the type WebDriver
	The method findElementByXPath(String) is undefined for the type WebDriver
	The method findElementByXPath(String) is undefined for the type WebDriver
	The method findElementByXPath(String) is undefined for the type WebDriver
	The method findElementByXPath(String) is undefined for the type WebDriver
">
      <![CDATA[java.lang.Error: Unresolved compilation problems: 
	The method findElementByXPath(String) is undefined for the type WebDriver
	The method findElementByXPath(String) is undefined for the type WebDriver
	The method swipe(int, int, int, int, int) is undefined for the type WebDriver
	The method swipe(int, int, int, int, int) is undefined for the type WebDriver
	The method swipe(int, int, int, int, int) is undefined for the type WebDriver
	The method findElementByXPath(String) is undefined for the type WebDriver
	The method findElementByXPath(String) is undefined for the type WebDriver
	The method findElementByXPath(String) is undefined for the type WebDriver
	The method findElementByXPath(String) is undefined for the type WebDriver
	The method findElementByXPath(String) is undefined for the type WebDriver
	The method findElementByXPath(String) is undefined for the type WebDriver
	The method findElementByXPath(String) is undefined for the type WebDriver
	The method findElementByXPath(String) is undefined for the type WebDriver
	The method findElementByXPath(String) is undefined for the type WebDriver
	The method findElementByXPath(String) is undefined for the type WebDriver
	The method findElementByXPath(String) is undefined for the type WebDriver

	at Task.com.Matri.com.EditPI.testUntitled(EditPI.java:87)
	at sun.reflect.NativeMethodAccessorImpl.invoke0(Native Method)
	at sun.reflect.NativeMethodAccessorImpl.invoke(Unknown Source)
	at sun.reflect.DelegatingMethodAccessorImpl.invoke(Unknown Source)
	at java.lang.reflect.Method.invoke(Unknown Source)
	at org.testng.internal.MethodInvocationHelper.invokeMethod(MethodInvocationHelper.java:80)
	at org.testng.internal.Invoker.invokeMethod(Invoker.java:715)
	at org.testng.internal.Invoker.invokeTestMethod(Invoker.java:907)
	at org.testng.internal.Invoker.invokeTestMethods(Invoker.java:1237)
	at org.testng.internal.TestMethodWorker.invokeTestMethods(TestMethodWorker.java:127)
	at org.testng.internal.TestMethodWorker.run(TestMethodWorker.java:111)
	at org.testng.TestRunner.privateRun(TestRunner.java:767)
	at org.testng.TestRunner.run(TestRunner.java:617)
	at org.testng.SuiteRunner.runTest(SuiteRunner.java:334)
	at org.testng.SuiteRunner.runSequentially(SuiteRunner.java:329)
	at org.testng.SuiteRunner.privateRun(SuiteRunner.java:291)
	at org.testng.SuiteRunner.run(SuiteRunner.java:240)
	at org.testng.SuiteRunnerWorker.runSuite(SuiteRunnerWorker.java:51)
	at org.testng.SuiteRunnerWorker.run(SuiteRunnerWorker.java:85)
	at org.testng.TestNG.runSuitesSequentially(TestNG.java:1197)
	at org.testng.TestNG.runSuitesLocally(TestNG.java:1122)
	at org.testng.TestNG.run(TestNG.java:1030)
	at org.testng.remote.AbstractRemoteTestNG.run(AbstractRemoteTestNG.java:132)
	at org.testng.remote.RemoteTestNG.initAndRun(RemoteTestNG.java:230)
	at org.testng.remote.RemoteTestNG.main(RemoteTestNG.java:76)
]]>
    </failure>
  </testcase> <!-- testUntitled -->
</testsuite> <!-- Task.com.Matri.com.EditPI -->
