<?xml version="1.0" encoding="UTF-8"?>
<!-- Generated by org.testng.reporters.JUnitReportReporter -->
<testsuite hostname="DESKTOP-E21Q8AT" name="cm.testscripts.DivorceeLogin" tests="1" failures="0" timestamp="12 Jun 2019 04:37:59 GMT" time="50.734" errors="0">
  <testcase name="loginTest" time="50.734" classname="cm.testscripts.DivorceeLogin"/>
</testsuite> <!-- cm.testscripts.DivorceeLogin -->
