<?xml version="1.0" encoding="UTF-8"?>
<!-- Generated by org.testng.reporters.JUnitReportReporter -->
<testsuite hostname="DESKTOP-E21Q8AT" name="testscripts.NeagtivePayment" tests="1" failures="0" timestamp="28 Jun 2019 05:21:12 GMT" time="51.657" errors="0">
  <testcase name="paymentTest" time="51.657" classname="testscripts.NeagtivePayment"/>
</testsuite> <!-- testscripts.NeagtivePayment -->
