<?xml version="1.0" encoding="UTF-8"?>
<!-- Generated by org.testng.reporters.JUnitReportReporter -->
<testsuite skipped="0" hostname="10503-2F-INA523X9ZX" name="com.Testscripts.PayMentTest" tests="1" failures="0" timestamp="26 Aug 2019 04:47:26 GMT" time="58.168" errors="0">
  <testcase name="payment" time="58.168" classname="com.Testscripts.PayMentTest"/>
</testsuite> <!-- com.Testscripts.PayMentTest -->
