<?xml version="1.0" encoding="UTF-8"?>
<!-- Generated by org.testng.reporters.JUnitReportReporter -->
<testsuite skipped="0" hostname="DESKTOP-2EHDPTI" name="logic.PakistaniRegistration" tests="1" failures="0" timestamp="27 Mar 2020 11:30:39 GMT" time="356.032" errors="0">
  <testcase name="test" time="356.032" classname="logic.PakistaniRegistration"/>
</testsuite> <!-- logic.PakistaniRegistration -->
