<?xml version="1.0" encoding="UTF-8"?>
<!-- Generated by org.testng.reporters.JUnitReportReporter -->
<testsuite skipped="0" hostname="DESKTOP-2EHDPTI" name="logic.PakistaniRegistration" tests="1" failures="0" timestamp="26 Mar 2020 04:29:28 GMT" time="340.086" errors="0">
  <testcase name="test" time="340.086" classname="logic.PakistaniRegistration"/>
</testsuite> <!-- logic.PakistaniRegistration -->
