<?xml version="1.0" encoding="UTF-8"?>
<!-- Generated by org.testng.reporters.JUnitReportReporter -->
<testsuite hostname="10503-2F-INA523X9ZX" name="testscripts.RegisterTest" tests="1" failures="0" timestamp="18 Nov 2019 09:47:06 GMT" time="174.160" errors="0">
  <testcase name="registerTest" time="174.160" classname="testscripts.RegisterTest"/>
</testsuite> <!-- testscripts.RegisterTest -->
