<?xml version="1.0" encoding="UTF-8"?>
<!-- Generated by org.testng.reporters.JUnitReportReporter -->
<testsuite skipped="0" hostname="10503-2F-PG018EM7" name="TestScriptsBrahmin.SMS" tests="1" failures="0" timestamp="10 Sep 2019 11:28:17 GMT" time="21.080" errors="0">
  <testcase name="testUntitled" time="21.080" classname="TestScriptsBrahmin.SMS"/>
</testsuite> <!-- TestScriptsBrahmin.SMS -->
