<?xml version="1.0" encoding="UTF-8"?>
<!-- Generated by org.testng.reporters.JUnitReportReporter -->
<testsuite skipped="0" hostname="DESKTOP-E21Q8AT" name="TestScripts.RemoveIgnoreBlock2" tests="1" failures="0" timestamp="20 Feb 2019 08:51:57 GMT" time="209.137" errors="0">
  <testcase name="remove_block_ignore" time="209.137" classname="TestScripts.RemoveIgnoreBlock2"/>
</testsuite> <!-- TestScripts.RemoveIgnoreBlock2 -->
