<?xml version="1.0" encoding="UTF-8"?>
<!-- Generated by org.testng.reporters.JUnitReportReporter -->
<testsuite skipped="0" hostname="DESKTOP-E21Q8AT" name="TestScripts.SendInterest" tests="1" failures="0" timestamp="20 Feb 2019 09:32:51 GMT" time="169.434" errors="0">
  <testcase name="sendInterest" time="169.434" classname="TestScripts.SendInterest"/>
</testsuite> <!-- TestScripts.SendInterest -->
