<?xml version="1.0" encoding="UTF-8"?>
<!-- Generated by org.testng.reporters.JUnitReportReporter -->
<testsuite skipped="0" hostname="DESKTOP-E21Q8AT" name="TestScripts.RegularSearch" tests="1" failures="0" timestamp="24 Jan 2019 09:01:32 GMT" time="92.398" errors="0">
  <testcase name="regularSearchTest" time="92.398" classname="TestScripts.RegularSearch"/>
</testsuite> <!-- TestScripts.RegularSearch -->
