<?xml version="1.0" encoding="UTF-8"?>
<!-- Generated by org.testng.reporters.JUnitReportReporter -->
<testsuite skipped="0" hostname="DESKTOP-E21Q8AT" name="TestScripts.QucikResponseView" tests="1" failures="0" timestamp="29 Jan 2019 05:44:54 GMT" time="56.828" errors="0">
  <testcase name="quickResponseNegative" time="56.828" classname="TestScripts.QucikResponseView"/>
</testsuite> <!-- TestScripts.QucikResponseView -->
