<?xml version="1.0" encoding="UTF-8"?>
<!-- Generated by org.testng.reporters.JUnitReportReporter -->
<testsuite skipped="0" hostname="DESKTOP-E21Q8AT" name="TestScripts.QuickResponse" tests="1" failures="0" timestamp="19 Jan 2019 10:25:46 GMT" time="111.172" errors="0">
  <testcase name="quickResponse" time="111.172" classname="TestScripts.QuickResponse"/>
</testsuite> <!-- TestScripts.QuickResponse -->
