<?xml version="1.0" encoding="UTF-8"?>
<!-- Generated by org.testng.reporters.JUnitReportReporter -->
<testsuite skipped="0" hostname="DESKTOP-E21Q8AT" name="TestScripts.Request3" tests="1" failures="0" timestamp="18 Jan 2019 11:05:42 GMT" time="368.033" errors="0">
  <testcase name="latestMatchesTest" time="368.033" classname="TestScripts.Request3"/>
</testsuite> <!-- TestScripts.Request3 -->
