<?xml version="1.0" encoding="UTF-8"?>
<!-- Generated by org.testng.reporters.JUnitReportReporter -->
<testsuite skipped="0" hostname="DESKTOP-E21Q8AT" name="TestScripts.ChangePassword" tests="2" failures="0" timestamp="31 Jan 2019 07:08:41 GMT" time="283.334" errors="0">
  <testcase name="passwordChangeTest" time="172.892" classname="TestScripts.ChangePassword"/>
  <testcase name="passwordChangeTest1" time="110.442" classname="TestScripts.ChangePassword"/>
</testsuite> <!-- TestScripts.ChangePassword -->
