<?xml version="1.0" encoding="UTF-8"?>
<!-- Generated by org.testng.reporters.JUnitReportReporter -->
<testsuite hostname="DESKTOP-E21Q8AT" name="cm.testscripts.CBSPayment" tests="1" failures="0" timestamp="12 Jun 2019 04:37:59 GMT" time="66.352" errors="0">
  <testcase name="negativePayment" time="66.352" classname="cm.testscripts.CBSPayment"/>
</testsuite> <!-- cm.testscripts.CBSPayment -->
