<?xml version="1.0" encoding="UTF-8"?>
<!-- Generated by org.testng.reporters.JUnitReportReporter -->
<testsuite skipped="0" hostname="10503-2F-PG018EM7" name="SprintTask.MotherTongueDomain" tests="1" failures="0" timestamp="27 Aug 2019 06:04:02 GMT" time="126.063" errors="0">
  <testcase name="occupationSearch" time="126.063" classname="SprintTask.MotherTongueDomain"/>
</testsuite> <!-- SprintTask.MotherTongueDomain -->
