<?xml version="1.0" encoding="UTF-8"?>
<!-- Generated by org.testng.reporters.JUnitReportReporter -->
<testsuite skipped="0" hostname="10503-2F-PG018EM7" name="SprintTask.StarRegistration" tests="1" failures="0" timestamp="11 Sep 2019 07:02:15 GMT" time="144.382" errors="0">
  <testcase name="occupationSearch" time="144.382" classname="SprintTask.StarRegistration"/>
</testsuite> <!-- SprintTask.StarRegistration -->
