<?xml version="1.0" encoding="UTF-8"?>
<!-- Generated by org.testng.reporters.JUnitReportReporter -->
<testsuite skipped="0" hostname="DESKTOP-E21Q8AT" name="Android.PWA.Register" tests="1" failures="0" timestamp="07 Mar 2019 09:33:49 GMT" time="34.995" errors="0">
  <testcase name="testUntitled" time="34.995" classname="Android.PWA.Register"/>
</testsuite> <!-- Android.PWA.Register -->
