<?xml version="1.0" encoding="UTF-8"?>
<!-- Generated by org.testng.reporters.JUnitReportReporter -->
<testsuite skipped="0" hostname="DESKTOP-E21Q8AT" name="Android.PWA.Redmi" tests="1" failures="0" timestamp="30 Nov 2018 10:22:05 GMT" time="37.311" errors="0">
  <testcase name="loginPwa" time="37.311" classname="Android.PWA.Redmi"/>
</testsuite> <!-- Android.PWA.Redmi -->
