<?xml version="1.0" encoding="UTF-8"?>
<!-- Generated by org.testng.reporters.JUnitReportReporter -->
<testsuite skipped="0" hostname="10503-2F-PG018EM7" name="Android.PWA.PreferredLocation" tests="1" failures="0" timestamp="09 Aug 2019 07:39:56 GMT" time="1626.638" errors="0">
  <testcase name="preferredLocation" time="1626.638" classname="Android.PWA.PreferredLocation"/>
</testsuite> <!-- Android.PWA.PreferredLocation -->
