<?xml version="1.0" encoding="UTF-8"?>
<!-- Generated by org.testng.reporters.JUnitReportReporter -->
<testsuite skipped="0" hostname="10503-2F-PG018EM7" name="Android.PWA.PreferredEducation" tests="1" failures="0" timestamp="09 Aug 2019 06:40:17 GMT" time="192.482" errors="0">
  <testcase name="preferredLocation" time="192.482" classname="Android.PWA.PreferredEducation"/>
</testsuite> <!-- Android.PWA.PreferredEducation -->
