<?xml version="1.0" encoding="UTF-8"?>
<!-- Generated by org.testng.reporters.JUnitReportReporter -->
<testsuite skipped="0" hostname="10503-2F-PG018EM7" name="Android.PWA.PwaPayment" tests="1" failures="0" timestamp="20 Aug 2019 07:02:48 GMT" time="106.601" errors="0">
  <testcase name="loginPwa" time="106.601" classname="Android.PWA.PwaPayment"/>
</testsuite> <!-- Android.PWA.PwaPayment -->
