<?xml version="1.0" encoding="UTF-8"?>
<!-- Generated by org.testng.reporters.JUnitReportReporter -->
<testsuite skipped="0" hostname="10503-2F-PG018EM7" name="SprintTask.Photo" tests="1" failures="0" timestamp="28 Aug 2019 09:17:38 GMT" time="880.668" errors="0">
  <testcase name="loginPwa" time="880.668" classname="SprintTask.Photo"/>
</testsuite> <!-- SprintTask.Photo -->
