<?xml version="1.0" encoding="UTF-8"?>
<!-- Generated by org.testng.reporters.JUnitReportReporter -->
<testsuite skipped="0" hostname="10503-2F-PG018EM7" name="Android.PWA.PwaLogin" tests="1" failures="0" timestamp="02 Aug 2019 06:48:53 GMT" time="58.680" errors="0">
  <testcase name="loginPwa" time="58.680" classname="Android.PWA.PwaLogin"/>
</testsuite> <!-- Android.PWA.PwaLogin -->
