<?xml version="1.0" encoding="UTF-8"?>
<!-- Generated by org.testng.reporters.JUnitReportReporter -->
<testsuite skipped="0" hostname="10503-2F-PG018EM7" name="Android.PWA.DiscoverMatches" tests="1" failures="0" timestamp="03 Aug 2019 05:17:00 GMT" time="376.710" errors="0">
  <testcase name="preferredStar" time="376.710" classname="Android.PWA.DiscoverMatches"/>
</testsuite> <!-- Android.PWA.DiscoverMatches -->
