<?xml version="1.0" encoding="UTF-8"?>
<!-- Generated by org.testng.reporters.JUnitReportReporter -->
<testsuite name="cms.cmstest.ViewedNotContacted" tests="1" time="331.334" ignored="0" failures="0" timestamp="26 Dec 2019 08:45:48 GMT" skipped="0" hostname="DESKTOP-2EHDPTI" errors="0">
  <testcase name="testUntitled" time="331.334" classname="cms.cmstest.ViewedNotContacted"/>
</testsuite> <!-- cms.cmstest.ViewedNotContacted -->
