<?xml version="1.0" encoding="UTF-8"?>
<!-- Generated by org.testng.reporters.JUnitReportReporter -->
<testsuite name="cms.cmstest.Matches" tests="1" time="53.114" ignored="0" failures="0" timestamp="29 Jul 2020 08:21:23 GMT" skipped="0" hostname="DESKTOP-2EHDPTI" errors="0">
  <testcase name="testUntitled" time="53.114" classname="cms.cmstest.Matches"/>
</testsuite> <!-- cms.cmstest.Matches -->
