<?xml version="1.0" encoding="UTF-8"?>
<!-- Generated by org.testng.reporters.JUnitReportReporter -->
<testsuite name="cms.cmstest.RemoveBlockedIgnoredProfile" tests="1" time="60.128" ignored="0" failures="0" timestamp="19 Mar 2020 09:49:28 GMT" skipped="0" hostname="DESKTOP-2EHDPTI" errors="0">
  <testcase name="testUntitled" time="60.128" classname="cms.cmstest.RemoveBlockedIgnoredProfile"/>
</testsuite> <!-- cms.cmstest.RemoveBlockedIgnoredProfile -->
