<?xml version="1.0" encoding="UTF-8"?>
<!-- Generated by org.testng.reporters.JUnitReportReporter -->
<testsuite name="cms.cmstest.LastMatches" tests="1" time="221.001" ignored="0" failures="0" timestamp="16 Dec 2019 10:55:05 GMT" skipped="0" hostname="DESKTOP-2EHDPTI" errors="0">
  <testcase name="testUntitled" time="221.001" classname="cms.cmstest.LastMatches"/>
</testsuite> <!-- cms.cmstest.LastMatches -->
