<?xml version="1.0" encoding="UTF-8"?>
<!-- Generated by org.testng.reporters.JUnitReportReporter -->
<testsuite name="cms.cmstest.SendInterestviewedmyprofile" tests="1" time="44.120" ignored="0" failures="0" timestamp="17 Dec 2019 04:59:26 GMT" skipped="0" hostname="DESKTOP-2EHDPTI" errors="0">
  <testcase name="testUntitled" time="44.120" classname="cms.cmstest.SendInterestviewedmyprofile"/>
</testsuite> <!-- cms.cmstest.SendInterestviewedmyprofile -->
