<?xml version="1.0" encoding="UTF-8"?>
<!-- Generated by org.testng.reporters.JUnitReportReporter -->
<testsuite name="cms.cmstest.MatchesPhoto" tests="1" time="50.632" ignored="0" failures="0" timestamp="11 Oct 2019 10:16:54 GMT" skipped="0" hostname="DESKTOP-2EHDPTI" errors="0">
  <testcase name="testUntitled" time="50.632" classname="cms.cmstest.MatchesPhoto"/>
</testsuite> <!-- cms.cmstest.MatchesPhoto -->
