<?xml version="1.0" encoding="UTF-8"?>
<!-- Generated by org.testng.reporters.JUnitReportReporter -->
<testsuite name="cms.cmstest.Viewedmyprofile" tests="1" time="56.275" ignored="0" failures="0" timestamp="29 Jul 2020 07:24:26 GMT" skipped="0" hostname="DESKTOP-2EHDPTI" errors="0">
  <testcase name="testUntitled" time="56.275" classname="cms.cmstest.Viewedmyprofile"/>
</testsuite> <!-- cms.cmstest.Viewedmyprofile -->
