<?xml version="1.0" encoding="UTF-8"?>
<!-- Generated by org.testng.reporters.JUnitReportReporter -->
<testsuite name="cms.cmstest.SendInterestMatches" tests="1" time="420.600" ignored="0" failures="0" timestamp="19 Mar 2020 09:01:49 GMT" skipped="0" hostname="DESKTOP-2EHDPTI" errors="0">
  <testcase name="testUntitled" time="420.600" classname="cms.cmstest.SendInterestMatches"/>
</testsuite> <!-- cms.cmstest.SendInterestMatches -->
