<?xml version="1.0" encoding="UTF-8"?>
<!-- Generated by org.testng.reporters.JUnitReportReporter -->
<testsuite name="cms.cmstest.ShortlistedMe" tests="1" time="59.715" ignored="0" failures="0" timestamp="29 Jul 2020 07:16:07 GMT" skipped="0" hostname="DESKTOP-2EHDPTI" errors="0">
  <testcase name="testUntitled" time="59.715" classname="cms.cmstest.ShortlistedMe"/>
</testsuite> <!-- cms.cmstest.ShortlistedMe -->
