<?xml version="1.0" encoding="UTF-8"?>
<!-- Generated by org.testng.reporters.JUnitReportReporter -->
<testsuite name="cms.cmstest.BlockedProfile" tests="1" time="96.170" ignored="0" failures="0" timestamp="16 Aug 2019 04:57:40 GMT" skipped="0" hostname="DESKTOP-2EHDPTI" errors="0">
  <testcase name="testUntitled" time="96.170" classname="cms.cmstest.BlockedProfile"/>
</testsuite> <!-- cms.cmstest.BlockedProfile -->
