<?xml version="1.0" encoding="UTF-8"?>
<!-- Generated by org.testng.reporters.JUnitReportReporter -->
<testsuite name="cms.cmstest.BlockedProfileMatches" tests="1" time="111.823" ignored="0" failures="0" timestamp="17 Jan 2020 09:20:54 GMT" skipped="0" hostname="DESKTOP-2EHDPTI" errors="0">
  <testcase name="testUntitled" time="111.823" classname="cms.cmstest.BlockedProfileMatches"/>
</testsuite> <!-- cms.cmstest.BlockedProfileMatches -->
