<?xml version="1.0" encoding="UTF-8"?>
<!-- Generated by org.testng.reporters.JUnitReportReporter -->
<testsuite name="cms.cmstest.BlockedProfileLastMatches" tests="1" time="103.716" ignored="0" failures="0" timestamp="18 Jan 2020 09:05:47 GMT" skipped="0" hostname="DESKTOP-2EHDPTI" errors="0">
  <testcase name="testUntitled" time="103.716" classname="cms.cmstest.BlockedProfileLastMatches"/>
</testsuite> <!-- cms.cmstest.BlockedProfileLastMatches -->
