<?xml version="1.0" encoding="UTF-8"?>
<!-- Generated by org.testng.reporters.JUnitReportReporter -->
<testsuite name="cms.cmstest.BlockedMultipleProfileMatches" tests="1" time="363.121" ignored="0" failures="0" timestamp="24 Jan 2020 10:40:12 GMT" skipped="0" hostname="DESKTOP-2EHDPTI" errors="0">
  <testcase name="testUntitled" time="363.121" classname="cms.cmstest.BlockedMultipleProfileMatches"/>
</testsuite> <!-- cms.cmstest.BlockedMultipleProfileMatches -->
