<?xml version="1.0" encoding="UTF-8"?>
<!-- Generated by org.testng.reporters.JUnitReportReporter -->
<testsuite name="cms.cmstest.SendInterestLastMatches" tests="1" time="49.568" ignored="0" failures="0" timestamp="20 Jan 2020 08:54:12 GMT" skipped="0" hostname="DESKTOP-2EHDPTI" errors="0">
  <testcase name="testUntitled" time="49.568" classname="cms.cmstest.SendInterestLastMatches"/>
</testsuite> <!-- cms.cmstest.SendInterestLastMatches -->
