<?xml version="1.0" encoding="UTF-8"?>
<!-- Generated by org.testng.reporters.JUnitReportReporter -->
<testsuite name="cms.cmstest.SendInterestMatches" tests="1" time="56.818" ignored="0" failures="0" timestamp="09 Apr 2020 05:14:38 GMT" skipped="0" hostname="DESKTOP-2EHDPTI" errors="0">
  <testcase name="testUntitled" time="56.818" classname="cms.cmstest.SendInterestMatches"/>
</testsuite> <!-- cms.cmstest.SendInterestMatches -->
