<?xml version="1.0" encoding="UTF-8"?>
<!-- Generated by org.testng.reporters.JUnitReportReporter -->
<testsuite name="cms.cmstest.RemoveBlockedIgnoredProfile" tests="1" time="107.119" ignored="0" failures="0" timestamp="19 Mar 2020 12:57:55 GMT" skipped="0" hostname="DESKTOP-2EHDPTI" errors="0">
  <testcase name="testUntitled" time="107.119" classname="cms.cmstest.RemoveBlockedIgnoredProfile"/>
</testsuite> <!-- cms.cmstest.RemoveBlockedIgnoredProfile -->
