<?xml version="1.0" encoding="UTF-8"?>
<!-- Generated by org.testng.reporters.JUnitReportReporter -->
<testsuite name="cms.cmstest.blockedProfileviewmyprofile" tests="1" time="105.756" ignored="0" failures="0" timestamp="18 Jan 2020 09:10:02 GMT" skipped="0" hostname="DESKTOP-2EHDPTI" errors="0">
  <testcase name="testUntitled" time="105.756" classname="cms.cmstest.blockedProfileviewmyprofile"/>
</testsuite> <!-- cms.cmstest.blockedProfileviewmyprofile -->
