<?xml version="1.0" encoding="UTF-8"?>
<!-- Generated by org.testng.reporters.JUnitReportReporter -->
<testsuite name="cms.cmstest.IgnoredProfile" tests="1" time="57.982" ignored="0" failures="0" timestamp="14 Aug 2019 08:50:04 GMT" skipped="0" hostname="DESKTOP-2EHDPTI" errors="0">
  <testcase name="testUntitled" time="57.982" classname="cms.cmstest.IgnoredProfile"/>
</testsuite> <!-- cms.cmstest.IgnoredProfile -->
