<?xml version="1.0" encoding="UTF-8"?>
<!-- Generated by org.testng.reporters.JUnitReportReporter -->
<testsuite hostname="DESKTOP-UDRPALV" name="testscripts.RegisterTest" tests="1" failures="0" timestamp="6 Dec 2019 08:05:08 GMT" time="124.641" errors="0">
  <testcase name="registerTest" time="124.641" classname="testscripts.RegisterTest"/>
</testsuite> <!-- testscripts.RegisterTest -->
