<?xml version="1.0" encoding="UTF-8"?>
<!-- Generated by org.testng.reporters.JUnitReportReporter -->
<testsuite skipped="1" hostname="10503-2F-FB0V6T2" name="TestScripts.GothraTest_Listing" tests="2" failures="0" timestamp="2020-02-11T17:08:55 IST" time="542.349" errors="0">
  <testcase name="gothramTest2" time="542.349" classname="TestScripts.GothraTest_Listing"/>
  <testcase name="gothramTest_JustJoined" classname="TestScripts.GothraTest_Listing">
    <skipped/>
  </testcase> <!-- gothramTest_JustJoined -->
</testsuite> <!-- TestScripts.GothraTest_Listing -->
