<?xml version="1.0" encoding="UTF-8"?>
<!-- Generated by org.testng.reporters.JUnitReportReporter -->
<testsuite skipped="0" hostname="10503-2F-4CE648138B" name="TestScripts.city_list" tests="1" failures="0" timestamp="05 Sep 2019 13:30:50 GMT" time="487.812" errors="0">
  <testcase name="testUntitled" time="487.812" classname="TestScripts.city_list"/>
</testsuite> <!-- TestScripts.city_list -->
