<?xml version="1.0" encoding="UTF-8"?>
<!-- Generated by org.testng.reporters.JUnitReportReporter -->
<testsuite skipped="0" hostname="10503-2F-FB0V6T2" name="TestScripts.GothraTest" tests="2" failures="0" timestamp="2020-02-11T18:59:13 IST" time="378.954" errors="0">
  <testcase name="gothram_SearchTest2" time="193.689" classname="TestScripts.GothraTest"/>
  <testcase name="gothram_SearchTest1" time="185.265" classname="TestScripts.GothraTest"/>
</testsuite> <!-- TestScripts.GothraTest -->
