<?xml version="1.0" encoding="UTF-8"?>
<!-- Generated by org.testng.reporters.JUnitReportReporter -->
<testsuite skipped="0" hostname="10503-2F-FB0V6T2" name="EditPP_TestScripts.demo" tests="1" failures="0" timestamp="2020-02-14T14:39:47 IST" time="43.965" errors="0">
  <testcase name="gothraSearchTest3" time="43.965" classname="EditPP_TestScripts.demo"/>
</testsuite> <!-- EditPP_TestScripts.demo -->
