<?xml version="1.0" encoding="UTF-8"?>
<!-- Generated by org.testng.reporters.JUnitReportReporter -->
<testsuite skipped="0" hostname="10503-2F-4CE648138B" name="TestScripts.Safe_matrimony" tests="1" failures="0" timestamp="27 Aug 2019 10:40:08 GMT" time="89.140" errors="0">
  <testcase name="testUntitled" time="89.140" classname="TestScripts.Safe_matrimony"/>
</testsuite> <!-- TestScripts.Safe_matrimony -->
