<?xml version="1.0" encoding="UTF-8"?>
<!-- Generated by org.testng.reporters.JUnitReportReporter -->
<testsuite skipped="0" hostname="10503-2F-INA523X9ZX" name="com.Testscripts.DivorceePayment" tests="1" failures="0" timestamp="26 Aug 2019 04:49:44 GMT" time="66.357" errors="0">
  <testcase name="Payment" time="66.357" classname="com.Testscripts.DivorceePayment"/>
</testsuite> <!-- com.Testscripts.DivorceePayment -->
