<?xml version="1.0" encoding="UTF-8"?>
<!-- Generated by org.testng.reporters.JUnitReportReporter -->
<testsuite skipped="0" hostname="10503-2F-INA523X9ZX" name="com.Testscripts.PayMentTest" tests="1" failures="0" timestamp="12 Nov 2019 06:26:52 GMT" time="70.035" errors="0">
  <testcase name="payment" time="70.035" classname="com.Testscripts.PayMentTest"/>
</testsuite> <!-- com.Testscripts.PayMentTest -->
