<?xml version="1.0" encoding="UTF-8"?>
<!-- Generated by org.testng.reporters.JUnitReportReporter -->
<testsuite hostname="DESKTOP-E21Q8AT" name="testscripts.PaymentTest" tests="1" failures="0" timestamp="28 Jun 2019 05:17:26 GMT" time="84.109" errors="0">
  <testcase name="paymentTest" time="84.109" classname="testscripts.PaymentTest"/>
</testsuite> <!-- testscripts.PaymentTest -->
