<?xml version="1.0" encoding="UTF-8"?>
<!-- Generated by org.testng.reporters.JUnitReportReporter -->
<testsuite hostname="DESKTOP-E21Q8AT" name="testscripts.LoginTest" tests="1" failures="0" timestamp="28 Jun 2019 05:15:25 GMT" time="16.799" errors="0">
  <testcase name="loginTest" time="16.799" classname="testscripts.LoginTest"/>
</testsuite> <!-- testscripts.LoginTest -->
