<?xml version="1.0" encoding="UTF-8"?>
<!-- Generated by org.testng.reporters.JUnitReportReporter -->
<testsuite hostname="DESKTOP-E21Q8AT" name="testscripts.RegisterTest2" tests="1" failures="0" timestamp="21 Nov 2018 21:15:05 GMT" time="12.891" errors="0">
  <testcase name="registerTest" time="12.891" classname="testscripts.RegisterTest2"/>
</testsuite> <!-- testscripts.RegisterTest2 -->
