<?xml version="1.0" encoding="UTF-8"?>
<!-- Generated by org.testng.reporters.JUnitReportReporter -->
<testsuite hostname="DESKTOP-E21Q8AT" name="testscripts.AdvSearchTest" tests="1" failures="0" timestamp="6 Apr 2019 05:09:57 GMT" time="65.878" errors="0">
  <testcase name="loginTest" time="65.878" classname="testscripts.AdvSearchTest"/>
</testsuite> <!-- testscripts.AdvSearchTest -->
