<?xml version="1.0" encoding="UTF-8"?>
<!-- Generated by org.testng.reporters.JUnitReportReporter -->
<testsuite skipped="0" hostname="DESKTOP-E21Q8AT" name="testscripts.InboxTest8" tests="1" failures="0" timestamp="15 May 2019 11:58:49 GMT" time="669.261" errors="0">
  <testcase name="inboxRequests_S8Test" time="669.261" classname="testscripts.InboxTest8"/>
</testsuite> <!-- testscripts.InboxTest8 -->
