<?xml version="1.0" encoding="UTF-8"?>
<!-- Generated by org.testng.reporters.JUnitReportReporter -->
<testsuite skipped="0" hostname="DESKTOP-2EHDPTI" name="logic.VerifyAgepp" tests="1" failures="0" timestamp="18 Nov 2019 07:03:04 GMT" time="329.867" errors="0">
  <testcase name="testUntitled" time="329.867" classname="logic.VerifyAgepp"/>
</testsuite> <!-- logic.VerifyAgepp -->
