<?xml version="1.0" encoding="UTF-8"?>
<!-- Generated by org.testng.reporters.JUnitReportReporter -->
<testsuite skipped="0" hostname="DESKTOP-2EHDPTI" name="logic.EditPi" tests="1" failures="0" timestamp="08 Nov 2019 06:00:17 GMT" time="447.445" errors="0">
  <testcase name="testUntitled" time="447.445" classname="logic.EditPi"/>
</testsuite> <!-- logic.EditPi -->
