<?xml version="1.0" encoding="UTF-8"?>
<!-- Generated by org.testng.reporters.JUnitReportReporter -->
<testsuite skipped="0" hostname="DESKTOP-2EHDPTI" name="logic.MailCount" tests="1" failures="0" timestamp="15 Nov 2019 05:26:30 GMT" time="183.697" errors="0">
  <testcase name="testUntitled" time="183.697" classname="logic.MailCount"/>
</testsuite> <!-- logic.MailCount -->
