<?xml version="1.0" encoding="UTF-8"?>
<!-- Generated by org.testng.reporters.JUnitReportReporter -->
<testsuite skipped="0" hostname="10503-2F-PG018EM7" name="com.testScripts.Upload" tests="1" failures="0" timestamp="15 Oct 2019 07:06:22 GMT" time="9.233" errors="0">
  <testcase name="excelDownload" time="9.233" classname="com.testScripts.Upload"/>
</testsuite> <!-- com.testScripts.Upload -->
