<?xml version="1.0" encoding="UTF-8"?>
<!-- Generated by org.testng.reporters.JUnitReportReporter -->
<testsuite skipped="0" hostname="10503-2F-PG018EM7" name="com.testScripts.Gammoga_BM" tests="1" failures="0" timestamp="15 Oct 2019 12:51:35 GMT" time="226.880" errors="0">
  <testcase name="excelDownload" time="226.880" classname="com.testScripts.Gammoga_BM"/>
</testsuite> <!-- com.testScripts.Gammoga_BM -->
