<?xml version="1.0" encoding="UTF-8"?>
<!-- Generated by org.testng.reporters.JUnitReportReporter -->
<testsuite skipped="0" hostname="10503-2F-PG018EM7" name="com.testScripts.Gamooga" tests="1" failures="0" timestamp="17 Oct 2019 05:50:04 GMT" time="164.182" errors="0">
  <testcase name="excelDownload" time="164.182" classname="com.testScripts.Gamooga"/>
</testsuite> <!-- com.testScripts.Gamooga -->
