<?xml version="1.0" encoding="UTF-8"?>
<!-- Generated by org.testng.reporters.JUnitReportReporter -->
<testsuite skipped="0" hostname="DESKTOP-E21Q8AT" name="TestScripts.QucikResponseNegative" tests="1" failures="0" timestamp="30 Jan 2019 08:25:52 GMT" time="27.960" errors="0">
  <testcase name="quickResponseNegative" time="27.960" classname="TestScripts.QucikResponseNegative"/>
</testsuite> <!-- TestScripts.QucikResponseNegative -->
