<?xml version="1.0" encoding="UTF-8"?>
<!-- Generated by org.testng.reporters.JUnitReportReporter -->
<testsuite skipped="3" hostname="DESKTOP-E21Q8AT" name="TestScripts.DashBoard_Proifle_Completness" tests="4" failures="0" timestamp="15 Feb 2019 09:10:45 GMT" time="87.959" errors="0">
  <testcase name="accepted_Matches" time="87.959" classname="TestScripts.DashBoard_Proifle_Completness"/>
  <testcase name="photo_request" classname="TestScripts.DashBoard_Proifle_Completness">
    <skipped/>
  </testcase> <!-- photo_request -->
  <testcase name="Add_prefrences" classname="TestScripts.DashBoard_Proifle_Completness">
    <skipped/>
  </testcase> <!-- Add_prefrences -->
  <testcase name="profile_Awaiting_response" classname="TestScripts.DashBoard_Proifle_Completness">
    <skipped/>
  </testcase> <!-- profile_Awaiting_response -->
</testsuite> <!-- TestScripts.DashBoard_Proifle_Completness -->
