<?xml version="1.0" encoding="UTF-8"?>
<!-- Generated by org.testng.reporters.JUnitReportReporter -->
<testsuite skipped="0" hostname="DESKTOP-E21Q8AT" name="TestScripts.SendMail2" tests="1" failures="0" timestamp="28 Jan 2019 06:22:38 GMT" time="128.788" errors="0">
  <testcase name="latestMatchesTest" time="128.788" classname="TestScripts.SendMail2"/>
</testsuite> <!-- TestScripts.SendMail2 -->
