<?xml version="1.0" encoding="UTF-8"?>
<!-- Generated by org.testng.reporters.JUnitReportReporter -->
<testsuite skipped="0" hostname="DESKTOP-E21Q8AT" name="TestScripts.Block" tests="1" failures="0" timestamp="20 Feb 2019 06:24:34 GMT" time="127.630" errors="0">
  <testcase name="blockTest" time="127.630" classname="TestScripts.Block"/>
</testsuite> <!-- TestScripts.Block -->
