<?xml version="1.0" encoding="UTF-8"?>
<!-- Generated by org.testng.reporters.JUnitReportReporter -->
<testsuite skipped="0" hostname="DESKTOP-E21Q8AT" name="TestScripts.Ignore" tests="1" failures="0" timestamp="20 Feb 2019 06:45:47 GMT" time="118.209" errors="0">
  <testcase name="ignoreTest" time="118.209" classname="TestScripts.Ignore"/>
</testsuite> <!-- TestScripts.Ignore -->
