<?xml version="1.0" encoding="UTF-8"?>
<!-- Generated by org.testng.reporters.JUnitReportReporter -->
<testsuite skipped="0" hostname="DESKTOP-E21Q8AT" name="TestScripts.Negative_Payment" tests="3" failures="0" timestamp="19 Feb 2019 09:47:20 GMT" time="658.526" errors="0">
  <testcase name="assisted_6mnth_pPack" time="220.563" classname="TestScripts.Negative_Payment"/>
  <testcase name="till_you_Marry" time="227.444" classname="TestScripts.Negative_Payment"/>
  <testcase name="Personalized" time="210.519" classname="TestScripts.Negative_Payment"/>
</testsuite> <!-- TestScripts.Negative_Payment -->
