<?xml version="1.0" encoding="UTF-8"?>
<!-- Generated by org.testng.reporters.JUnitReportReporter -->
<testsuite skipped="0" hostname="DESKTOP-E21Q8AT" name="TestScripts.RemoveBlockIgnore" tests="1" failures="0" timestamp="20 Feb 2019 06:51:00 GMT" time="166.807" errors="0">
  <testcase name="remove_block_ignore" time="166.807" classname="TestScripts.RemoveBlockIgnore"/>
</testsuite> <!-- TestScripts.RemoveBlockIgnore -->
