<?xml version="1.0" encoding="UTF-8"?>
<!-- Generated by org.testng.reporters.JUnitReportReporter -->
<testsuite skipped="0" hostname="10503-2F-INA523X9ZX" name="com.Testscripts.PayMentTest" tests="1" failures="0" timestamp="19 Aug 2019 09:31:01 GMT" time="80.067" errors="0">
  <testcase name="payment" time="80.067" classname="com.Testscripts.PayMentTest"/>
</testsuite> <!-- com.Testscripts.PayMentTest -->
