<?xml version="1.0" encoding="UTF-8"?>
<!-- Generated by org.testng.reporters.JUnitReportReporter -->
<testsuite skipped="0" hostname="10503-INA523X9ZX-D" name="com.TestScripts.DivorceeLoginTest" tests="1" failures="0" timestamp="19 Jul 2019 09:09:02 GMT" time="39.618" errors="0">
  <testcase name="divorceeLogin" time="39.618" classname="com.TestScripts.DivorceeLoginTest"/>
</testsuite> <!-- com.TestScripts.DivorceeLoginTest -->
