<?xml version="1.0" encoding="UTF-8"?>
<!-- Generated by org.testng.reporters.JUnitReportReporter -->
<testsuite skipped="0" hostname="10503-INA523X9ZX-D" name="com.TestScripts.DivorceePayment" tests="1" failures="0" timestamp="06 Jul 2019 05:18:20 GMT" time="62.413" errors="0">
  <testcase name="divorceePayment" time="62.413" classname="com.TestScripts.DivorceePayment"/>
</testsuite> <!-- com.TestScripts.DivorceePayment -->
