<?xml version="1.0" encoding="UTF-8"?>
<!-- Generated by org.testng.reporters.JUnitReportReporter -->
<testsuite hostname="10503-2F-INA523X9ZX" name="testscripts.RegisterTest" tests="1" failures="0" timestamp="4 Dec 2019 04:48:01 GMT" time="236.961" errors="0">
  <testcase name="registerTest" time="236.961" classname="testscripts.RegisterTest"/>
</testsuite> <!-- testscripts.RegisterTest -->
