<?xml version="1.0" encoding="UTF-8"?>
<!-- Generated by org.testng.reporters.JUnitReportReporter -->
<testsuite skipped="0" hostname="10503-2F-PG018EM7" name="SprintTask.RasiRegister" tests="1" failures="0" timestamp="25 Sep 2019 10:22:02 GMT" time="139.035" errors="0">
  <testcase name="occupationSearch" time="139.035" classname="SprintTask.RasiRegister"/>
</testsuite> <!-- SprintTask.RasiRegister -->
