<?xml version="1.0" encoding="UTF-8"?>
<!-- Generated by org.testng.reporters.JUnitReportReporter -->
<testsuite skipped="0" hostname="10503-2F-PG018EM7" name="SprintTask.WhoCanSeeMeFemale" tests="1" failures="0" timestamp="25 Nov 2019 06:17:11 GMT" time="300.495" errors="0">
  <testcase name="whoCanSee" time="300.495" classname="SprintTask.WhoCanSeeMeFemale"/>
</testsuite> <!-- SprintTask.WhoCanSeeMeFemale -->
