<?xml version="1.0" encoding="UTF-8"?>
<!-- Generated by org.testng.reporters.JUnitReportReporter -->
<testsuite skipped="2" hostname="10503-2F-PG018EM7" name="SprintTask.Gothram" tests="3" failures="0" timestamp="14 Feb 2020 13:36:33 GMT" time="87.676" errors="0">
  <testcase name="exceptMyGothram" time="87.676" classname="SprintTask.Gothram"/>
  <testcase name="changePIGothram" classname="SprintTask.Gothram">
    <skipped/>
  </testcase> <!-- changePIGothram -->
  <testcase name="allreadyViewedProfile" classname="SprintTask.Gothram">
    <skipped/>
  </testcase> <!-- allreadyViewedProfile -->
</testsuite> <!-- SprintTask.Gothram -->
