<?xml version="1.0" encoding="UTF-8"?>
<!-- Generated by org.testng.reporters.JUnitReportReporter -->
<testsuite skipped="0" hostname="10503-2F-PG018EM7" name="SprintTask.CityList" tests="1" failures="0" timestamp="11 Sep 2019 10:18:24 GMT" time="146.203" errors="0">
  <testcase name="occupationSearch" time="146.203" classname="SprintTask.CityList"/>
</testsuite> <!-- SprintTask.CityList -->
