<?xml version="1.0" encoding="UTF-8"?>
<!-- Generated by org.testng.reporters.JUnitReportReporter -->
<testsuite skipped="0" hostname="10503-2F-PG018EM7" name="SprintTask.SafeMatrimony" tests="1" failures="0" timestamp="06 Aug 2019 10:12:56 GMT" time="430.507" errors="0">
  <testcase name="testUntitled" time="430.507" classname="SprintTask.SafeMatrimony"/>
</testsuite> <!-- SprintTask.SafeMatrimony -->
