<?xml version="1.0" encoding="UTF-8"?>
<!-- Generated by org.testng.reporters.JUnitReportReporter -->
<testsuite skipped="0" hostname="10503-2F-PG018EM7" name="SprintTask.ReligionClass" tests="1" failures="0" timestamp="02 Dec 2019 07:27:07 GMT" time="2182.046" errors="0">
  <testcase name="occupationSearch" time="2182.046" classname="SprintTask.ReligionClass"/>
</testsuite> <!-- SprintTask.ReligionClass -->
