<?xml version="1.0" encoding="UTF-8"?>
<!-- Generated by org.testng.reporters.JUnitReportReporter -->
<testsuite skipped="0" hostname="10503-2F-PG018EM7" name="SprintTask.StarRegistration" tests="1" failures="0" timestamp="26 Sep 2019 06:36:29 GMT" time="151.230" errors="0">
  <testcase name="occupationSearch" time="151.230" classname="SprintTask.StarRegistration"/>
</testsuite> <!-- SprintTask.StarRegistration -->
