<?xml version="1.0" encoding="UTF-8"?>
<!-- Generated by org.testng.reporters.JUnitReportReporter -->
<testsuite skipped="0" hostname="10503-2F-PG018EM7" name="SprintTask.MotherTongue" tests="1" failures="0" timestamp="27 Aug 2019 11:42:12 GMT" time="265.106" errors="0">
  <testcase name="occupationSearch" time="265.106" classname="SprintTask.MotherTongue"/>
</testsuite> <!-- SprintTask.MotherTongue -->
