<?xml version="1.0" encoding="UTF-8"?>
<!-- Generated by org.testng.reporters.JUnitReportReporter -->
<testsuite skipped="2" hostname="10503-2F-PG018EM7" name="SprintTask.GothramEditPP" tests="3" failures="0" timestamp="14 Feb 2020 12:49:33 GMT" time="157.592" errors="0">
  <testcase name="changePPGothramWithSearch" time="157.592" classname="SprintTask.GothramEditPP"/>
  <testcase name="changePPGothram" classname="SprintTask.GothramEditPP">
    <skipped/>
  </testcase> <!-- changePPGothram -->
  <testcase name="changePPGothramStrict" classname="SprintTask.GothramEditPP">
    <skipped/>
  </testcase> <!-- changePPGothramStrict -->
</testsuite> <!-- SprintTask.GothramEditPP -->
