<?xml version="1.0" encoding="UTF-8"?>
<!-- Generated by org.testng.reporters.JUnitReportReporter -->
<testsuite skipped="0" hostname="10503-2F-PG018EM7" name="cm.testscripts.OccupationListTest" tests="1" failures="0" timestamp="31 Jul 2019 07:20:28 GMT" time="202.207" errors="0">
  <testcase name="occupationList" time="202.207" classname="cm.testscripts.OccupationListTest"/>
</testsuite> <!-- cm.testscripts.OccupationListTest -->
