<?xml version="1.0" encoding="UTF-8"?>
<!-- Generated by org.testng.reporters.JUnitReportReporter -->
<testsuite skipped="0" hostname="10503-2F-PG018EM7" name="SprintTask.RasiPi" tests="1" failures="0" timestamp="25 Sep 2019 13:07:35 GMT" time="177.033" errors="0">
  <testcase name="occupationSearch" time="177.033" classname="SprintTask.RasiPi"/>
</testsuite> <!-- SprintTask.RasiPi -->
