<?xml version="1.0" encoding="UTF-8"?>
<!-- Generated by org.testng.reporters.JUnitReportReporter -->
<testsuite skipped="0" hostname="10503-2F-PG018EM7" name="BugZilla.BugZilla_Report_Mail" tests="1" failures="0" timestamp="13 Feb 2020 10:40:48 GMT" time="41.907" errors="0">
  <testcase name="maiolcode" time="41.907" classname="BugZilla.BugZilla_Report_Mail"/>
</testsuite> <!-- BugZilla.BugZilla_Report_Mail -->
