<?xml version="1.0" encoding="UTF-8"?>
<!-- Generated by org.testng.reporters.JUnitReportReporter -->
<testsuite name="cms.cmstest.SendInterestMatches" tests="1" time="398.382" ignored="0" failures="0" timestamp="11 Oct 2019 10:57:20 GMT" skipped="0" hostname="DESKTOP-2EHDPTI" errors="0">
  <testcase name="testUntitled" time="398.382" classname="cms.cmstest.SendInterestMatches"/>
</testsuite> <!-- cms.cmstest.SendInterestMatches -->
