<?xml version="1.0" encoding="UTF-8"?>
<!-- Generated by org.testng.reporters.JUnitReportReporter -->
<testsuite name="cms.cmstest.Matches" tests="1" time="322.749" ignored="0" failures="0" timestamp="11 Oct 2019 10:11:23 GMT" skipped="0" hostname="DESKTOP-2EHDPTI" errors="0">
  <testcase name="testUntitled" time="322.749" classname="cms.cmstest.Matches"/>
</testsuite> <!-- cms.cmstest.Matches -->
