<?xml version="1.0" encoding="UTF-8"?>
<!-- Generated by org.testng.reporters.JUnitReportReporter -->
<testsuite name="cms.cmstest.ViewedNotContacted" tests="1" time="257.070" ignored="0" failures="0" timestamp="18 Oct 2019 10:23:06 GMT" skipped="0" hostname="DESKTOP-2EHDPTI" errors="0">
  <testcase name="testUntitled" time="257.070" classname="cms.cmstest.ViewedNotContacted"/>
</testsuite> <!-- cms.cmstest.ViewedNotContacted -->
