<?xml version="1.0" encoding="UTF-8"?>
<!-- Generated by org.testng.reporters.JUnitReportReporter -->
<testsuite name="cms.cmstest.SendInterestviewedmyprofile" tests="1" time="68.774" ignored="0" failures="0" timestamp="11 Oct 2019 11:05:47 GMT" skipped="0" hostname="DESKTOP-2EHDPTI" errors="0">
  <testcase name="testUntitled" time="68.774" classname="cms.cmstest.SendInterestviewedmyprofile"/>
</testsuite> <!-- cms.cmstest.SendInterestviewedmyprofile -->
