<?xml version="1.0" encoding="UTF-8"?>
<!-- Generated by org.testng.reporters.JUnitReportReporter -->
<testsuite name="cms.cmstest.VerifyMail" tests="1" time="87.522" ignored="0" failures="0" timestamp="18 Oct 2019 10:13:21 GMT" skipped="0" hostname="DESKTOP-2EHDPTI" errors="0">
  <testcase name="testUntitled" time="87.522" classname="cms.cmstest.VerifyMail"/>
</testsuite> <!-- cms.cmstest.VerifyMail -->
