<?xml version="1.0" encoding="UTF-8"?>
<!-- Generated by org.testng.reporters.JUnitReportReporter -->
<testsuite name="cms.cmstest.RemoveBlockedIgnoredProfile" tests="1" time="70.131" ignored="0" failures="0" timestamp="18 Oct 2019 09:03:50 GMT" skipped="0" hostname="DESKTOP-2EHDPTI" errors="0">
  <testcase name="testUntitled" time="70.131" classname="cms.cmstest.RemoveBlockedIgnoredProfile"/>
</testsuite> <!-- cms.cmstest.RemoveBlockedIgnoredProfile -->
