<?xml version="1.0" encoding="UTF-8"?>
<!-- Generated by org.testng.reporters.JUnitReportReporter -->
<testsuite name="cms.cmstest.Viewedmyprofile" tests="1" time="316.718" ignored="0" failures="0" timestamp="08 Nov 2019 08:44:55 GMT" skipped="0" hostname="DESKTOP-2EHDPTI" errors="0">
  <testcase name="testUntitled" time="316.718" classname="cms.cmstest.Viewedmyprofile"/>
</testsuite> <!-- cms.cmstest.Viewedmyprofile -->
