<?xml version="1.0" encoding="UTF-8"?>
<!-- Generated by org.testng.reporters.JUnitReportReporter -->
<testsuite name="cms.cmstest.BlockedMultipleProfile" tests="1" time="39.722" ignored="0" failures="0" timestamp="19 Aug 2019 05:26:16 GMT" skipped="0" hostname="DESKTOP-2EHDPTI" errors="0">
  <testcase name="testUntitled" time="39.722" classname="cms.cmstest.BlockedMultipleProfile"/>
</testsuite> <!-- cms.cmstest.BlockedMultipleProfile -->
