<?xml version="1.0" encoding="UTF-8"?>
<!-- Generated by org.testng.reporters.JUnitReportReporter -->
<testsuite skipped="0" hostname="DESKTOP-UDRPALV" name="com.Testscripts.PayMentTest" tests="1" failures="0" timestamp="06 Dec 2019 08:44:17 GMT" time="72.384" errors="0">
  <testcase name="payment" time="72.384" classname="com.Testscripts.PayMentTest"/>
</testsuite> <!-- com.Testscripts.PayMentTest -->
