<?xml version="1.0" encoding="UTF-8"?>
<!-- Generated by org.testng.reporters.JUnitReportReporter -->
<testsuite skipped="0" hostname="DESKTOP-2EHDPTI" name="logic.DailyMatches" tests="1" failures="0" timestamp="17 Oct 2019 06:31:26 GMT" time="67.134" errors="0">
  <testcase name="testUntitled" time="67.134" classname="logic.DailyMatches"/>
</testsuite> <!-- logic.DailyMatches -->
