<?xml version="1.0" encoding="UTF-8"?>
<!-- Generated by org.testng.reporters.JUnitReportReporter -->
<testsuite skipped="0" hostname="DESKTOP-2EHDPTI" name="logic.CallPreference" tests="1" failures="0" timestamp="30 Jan 2020 08:46:33 GMT" time="96.806" errors="0">
  <testcase name="testUntitled" time="96.806" classname="logic.CallPreference"/>
</testsuite> <!-- logic.CallPreference -->
