<?xml version="1.0" encoding="UTF-8"?>
<!-- Generated by org.testng.reporters.JUnitReportReporter -->
<testsuite skipped="0" hostname="DESKTOP-2EHDPTI" name="logic.VerifyAgepp" tests="1" failures="0" timestamp="21 Mar 2020 04:55:57 GMT" time="163.763" errors="0">
  <testcase name="testUntitled" time="163.763" classname="logic.VerifyAgepp"/>
</testsuite> <!-- logic.VerifyAgepp -->
