<?xml version="1.0" encoding="UTF-8"?>
<!-- Generated by org.testng.reporters.JUnitReportReporter -->
<testsuite skipped="0" hostname="DESKTOP-2EHDPTI" name="logic.ProfilePreview" tests="1" failures="0" timestamp="28 Jan 2020 05:28:28 GMT" time="134.072" errors="0">
  <testcase name="testUntitled" time="134.072" classname="logic.ProfilePreview"/>
</testsuite> <!-- logic.ProfilePreview -->
