<?xml version="1.0" encoding="UTF-8"?>
<!-- Generated by org.testng.reporters.JUnitReportReporter -->
<testsuite skipped="0" hostname="DESKTOP-2EHDPTI" name="logic.ProfilePreview" tests="1" failures="0" timestamp="20 Mar 2020 09:56:20 GMT" time="138.507" errors="0">
  <testcase name="testUntitled" time="138.507" classname="logic.ProfilePreview"/>
</testsuite> <!-- logic.ProfilePreview -->
