<?xml version="1.0" encoding="UTF-8"?>
<!-- Generated by org.testng.reporters.JUnitReportReporter -->
<testsuite skipped="0" hostname="DESKTOP-2EHDPTI" name="logic.VerifyAgepp" tests="1" failures="0" timestamp="28 Jan 2020 06:52:27 GMT" time="160.069" errors="0">
  <testcase name="testUntitled" time="160.069" classname="logic.VerifyAgepp"/>
</testsuite> <!-- logic.VerifyAgepp -->
