<?xml version="1.0" encoding="UTF-8"?>
<!-- Generated by org.testng.reporters.JUnitReportReporter -->
<testsuite skipped="0" hostname="DESKTOP-2EHDPTI" name="logic.CommunicationSettings" tests="1" failures="0" timestamp="28 Jan 2020 06:34:29 GMT" time="305.405" errors="0">
  <testcase name="testUntitled" time="305.405" classname="logic.CommunicationSettings"/>
</testsuite> <!-- logic.CommunicationSettings -->
