<?xml version="1.0" encoding="UTF-8"?>
<!-- Generated by org.testng.reporters.JUnitReportReporter -->
<testsuite skipped="0" hostname="DESKTOP-2EHDPTI" name="logic.DashboardValidation" tests="1" failures="0" timestamp="08 Nov 2019 09:19:41 GMT" time="65.862" errors="0">
  <testcase name="test" time="65.862" classname="logic.DashboardValidation"/>
</testsuite> <!-- logic.DashboardValidation -->
