<?xml version="1.0" encoding="UTF-8"?>
<!-- Generated by org.testng.reporters.JUnitReportReporter -->
<testsuite hostname="10503-D-71026" name="logic.LoginLogout" tests="1" failures="0" timestamp="23 Sep 2020 11:37:17 GMT" time="85.013" errors="0">
  <testcase name="testUntitled" time="85.013" classname="logic.LoginLogout"/>
</testsuite> <!-- logic.LoginLogout -->
