<?xml version="1.0" encoding="UTF-8"?>
<!-- Generated by org.testng.reporters.JUnitReportReporter -->
<testsuite skipped="0" hostname="DESKTOP-2EHDPTI" name="logic.NegativePaymentGold" tests="1" failures="0" timestamp="21 Feb 2020 08:45:58 GMT" time="269.826" errors="0">
  <testcase name="testUntitled" time="269.826" classname="logic.NegativePaymentGold"/>
</testsuite> <!-- logic.NegativePaymentGold -->
