<?xml version="1.0" encoding="UTF-8"?>
<!-- Generated by org.testng.reporters.JUnitReportReporter -->
<testsuite skipped="0" hostname="DESKTOP-2EHDPTI" name="logic.ProfilePreview" tests="1" failures="0" timestamp="21 Feb 2020 09:23:26 GMT" time="138.154" errors="0">
  <testcase name="testUntitled" time="138.154" classname="logic.ProfilePreview"/>
</testsuite> <!-- logic.ProfilePreview -->
