<?xml version="1.0" encoding="UTF-8"?>
<!-- Generated by org.testng.reporters.JUnitReportReporter -->
<testsuite skipped="0" hostname="DESKTOP-2EHDPTI" name="logic.BlockedMultipleProfileMatches" tests="1" failures="0" timestamp="21 Feb 2020 06:00:16 GMT" time="375.308" errors="0">
  <testcase name="testUntitled" time="375.308" classname="logic.BlockedMultipleProfileMatches"/>
</testsuite> <!-- logic.BlockedMultipleProfileMatches -->
