<?xml version="1.0" encoding="UTF-8"?>
<!-- Generated by org.testng.reporters.JUnitReportReporter -->
<testsuite skipped="0" hostname="DESKTOP-2EHDPTI" name="logic.NegativePaymentPlatinum" tests="1" failures="0" timestamp="21 Feb 2020 09:02:53 GMT" time="239.108" errors="0">
  <testcase name="testUntitled" time="239.108" classname="logic.NegativePaymentPlatinum"/>
</testsuite> <!-- logic.NegativePaymentPlatinum -->
