<?xml version="1.0" encoding="UTF-8"?>
<!-- Generated by org.testng.reporters.JUnitReportReporter -->
<testsuite skipped="0" hostname="DESKTOP-2EHDPTI" name="logic.CommunicationSettings" tests="1" failures="0" timestamp="21 Feb 2020 06:13:45 GMT" time="306.633" errors="0">
  <testcase name="testUntitled" time="306.633" classname="logic.CommunicationSettings"/>
</testsuite> <!-- logic.CommunicationSettings -->
