<?xml version="1.0" encoding="UTF-8"?>
<!-- Generated by org.testng.reporters.JUnitReportReporter -->
<testsuite skipped="0" hostname="DESKTOP-2EHDPTI" name="logic.NegativePaymentDiamond" tests="1" failures="0" timestamp="21 Feb 2020 07:04:04 GMT" time="232.149" errors="0">
  <testcase name="testUntitled" time="232.149" classname="logic.NegativePaymentDiamond"/>
</testsuite> <!-- logic.NegativePaymentDiamond -->
