<?xml version="1.0" encoding="UTF-8"?>
<!-- Generated by org.testng.reporters.JUnitReportReporter -->
<testsuite skipped="0" hostname="DESKTOP-2EHDPTI" name="logic.CallPreference" tests="1" failures="0" timestamp="21 Feb 2020 05:40:20 GMT" time="105.523" errors="0">
  <testcase name="testUntitled" time="105.523" classname="logic.CallPreference"/>
</testsuite> <!-- logic.CallPreference -->
