<?xml version="1.0" encoding="UTF-8"?>
<!-- Generated by org.testng.reporters.JUnitReportReporter -->
<testsuite skipped="0" hostname="DESKTOP-2EHDPTI" name="logic.LoginLogout" tests="1" failures="0" timestamp="21 Feb 2020 06:37:55 GMT" time="52.943" errors="0">
  <testcase name="testUntitled" time="52.943" classname="logic.LoginLogout"/>
</testsuite> <!-- logic.LoginLogout -->
