<?xml version="1.0" encoding="UTF-8"?>
<!-- Generated by org.testng.reporters.JUnitReportReporter -->
<testsuite skipped="0" hostname="DESKTOP-2EHDPTI" name="logic.Matches" tests="1" failures="0" timestamp="21 Feb 2020 06:52:15 GMT" time="323.181" errors="0">
  <testcase name="testUntitled" time="323.181" classname="logic.Matches"/>
</testsuite> <!-- logic.Matches -->
