<?xml version="1.0" encoding="UTF-8"?>
<!-- Generated by org.testng.reporters.JUnitReportReporter -->
<testsuite skipped="0" hostname="10503-D-71026" name="logic.GlobalRegistration" tests="1" failures="0" timestamp="06 Oct 2020 04:17:17 GMT" time="181.470" errors="0">
  <testcase name="testCase" time="181.470" classname="logic.GlobalRegistration"/>
</testsuite> <!-- logic.GlobalRegistration -->
