<?xml version="1.0" encoding="UTF-8"?>
<!-- Generated by org.testng.reporters.JUnitReportReporter -->
<testsuite skipped="0" hostname="10503-D-71026" name="logic.Bug_Report" tests="1" failures="0" timestamp="27 Oct 2020 15:15:10 GMT" time="100.756" errors="0">
  <testcase name="maiolcode" time="100.756" classname="logic.Bug_Report"/>
</testsuite> <!-- logic.Bug_Report -->
