<?xml version="1.0" encoding="UTF-8"?>
<!-- Generated by org.testng.reporters.JUnitReportReporter -->
<testsuite skipped="0" hostname="10503-2F-4CE648138B" name="TestScripts.Safe_matri" tests="1" failures="0" timestamp="27 Aug 2019 11:03:33 GMT" time="253.608" errors="0">
  <testcase name="testUntitled" time="253.608" classname="TestScripts.Safe_matri"/>
</testsuite> <!-- TestScripts.Safe_matri -->
