<?xml version="1.0" encoding="UTF-8"?>
<!-- Generated by org.testng.reporters.JUnitReportReporter -->
<testsuite skipped="0" hostname="10503-2F-4CE648138B" name="TestScripts.Mothertongue_EI" tests="1" failures="0" timestamp="21 Oct 2019 10:41:31 GMT" time="697.367" errors="0">
  <testcase name="testUntitled" time="697.367" classname="TestScripts.Mothertongue_EI"/>
</testsuite> <!-- TestScripts.Mothertongue_EI -->
