<?xml version="1.0" encoding="UTF-8"?>
<!-- Generated by org.testng.reporters.JUnitReportReporter -->
<testsuite skipped="0" hostname="10503-2F-4CE648138B" name="TestScripts.quick_tour" tests="1" failures="0" timestamp="16 Aug 2019 05:52:18 GMT" time="99.039" errors="0">
  <testcase name="testUntitled" time="99.039" classname="TestScripts.quick_tour"/>
</testsuite> <!-- TestScripts.quick_tour -->
