<?xml version="1.0" encoding="UTF-8"?>
<!-- Generated by org.testng.reporters.JUnitReportReporter -->
<testsuite skipped="0" hostname="10503-2F-4CE648138B" name="TestScripts.Preffered_Profession" tests="1" failures="0" timestamp="27 Aug 2019 11:34:49 GMT" time="68.279" errors="1">
  <testcase name="testUntitled" time="68.279" classname="TestScripts.Preffered_Profession">
    <error type="org.openqa.selenium.WebDriverException" message="unknown error (An unknown server-side error occurred. status=&#039;false&#039;. Failed to complete internal method: &#039;hybridRunJavascript args: [, 0, result = null;resultType = null;resultMessage = null;function getPathToWithSuffix(element,suffix) {if (element.tagName.toUpperCase() == &quot;HTML&quot;.toUpperCase())return &#039;//html&#039;+suffix;if (element===document.body)return &#039;//html/body[1]&#039;+suffix;var ix= 0;var siblings= element.parentNode.childNodes;for (var i= 0; i&lt;siblings.length; i++) {var sibling= siblings[i];if (sibling===element)return getPathToWithSuffix(element.parentNode,&#039;/&#039;+element.tagName.toLowerCase()+&#039;[&#039;+(ix+1)+&#039;]&#039;+suffix);if (sibling.nodeType===1 &amp;&amp; sibling.tagName===element.tagName)ix++;}}function runScriptResultWrapper(element){if((typeof element === undefined) || element == null){result = null;resultMessage = null;return;}else if (typeof element === &#039;string&#039; || element instanceof String){result = element;resultType = &quot;string&quot;;resultMessage = null;return;}else if (typeof element === &#039;number&#039; || element instanceof Number){if(element % 1 === 0){resultType = &quot;int&quot;}else{resultType = &quot;float&quot;;}result = element;resultMessage = null;return;}else if (typeof element === &#039;boolean&#039; || element instanceof Boolean){resultType = &quot;boolean&quot;;result = element;resultMessage = null;return;}var paths = [];if(element.constructor === Array || element.length &gt; 0){var elements = element;for (i = 0; i &lt; elements.length; i++) {var elementPath = getPathToWithSuffix(elements[i],&quot;&quot;);paths[i] = elementPath;}resultMessage = null;}else if(!element.parentNode){resultType = &quot;object&quot;;result = element;resultMessage = null;return;}else{resultMessage = null;paths[0] = getPathToWithSuffix(element,&quot;&quot;);}resultType = null;result = {value: paths};}
var userFunc = function() {window.scrollTo(0, document.body.scrollHeight);};
result = null;
var temp_result = userFunc();
if(result == null) {result = temp_result;} runScriptResultWrapper(result);]&#039;, details: Failed to run javascript &#039;&#039;: null)  (WARNING: The server did not provide any stacktrace information)
Command duration or timeout: 558 milliseconds
Build info: version: &#039;2.52.0&#039;, revision: &#039;4c2593cfc3689a7fcd7be52549167e5ccc93ad28&#039;, time: &#039;2016-02-11 11:22:43&#039;
System info: host: &#039;10503-2F-4CE648138B&#039;, ip: &#039;192.168.64.247&#039;, os.name: &#039;Windows 10&#039;, os.arch: &#039;amd64&#039;, os.version: &#039;10.0&#039;, java.version: &#039;1.8.0_161&#039;
Driver info: io.appium.java_client.android.AndroidDriver
Capabilities [{appPackage=com.community.matrimony, device.majorVersion=9, dontGoHomeOnQuit=false, device.os=Android, noReset=false, dontStopAppOnReset=false, reservationDuration=240, reportFormat=xml, fullReset=false, platform=ANY, deviceUDID=32002b32ee5b451f, install.only.for.update=false, desired={appPackage=com.community.matrimony, appActivity=com.domaininstance.ui.activities.Splash, reportDirectory=reports, reportFormat=xml, udid=32002b32ee5b451f, platformName=Android, testName=Untitled}, device.serialNumber=32002b32ee5b451f, locationServicesAuthorized=false, device.version=9, reportDirectory=reports, autoWebview=false, udid=32002b32ee5b451f, platformName=Android, testName=Untitled, device.screenSize=720x1480, useKeystore=false, test.type=Mobile, device.manufacture=samsung, instrumentApp=false, appiumVersion=1.8.0, device.category=PHONE, autoDismissAlerts=false, reportUrl=C:\Users\Jyothi\appiumstudio-reports\reports\test3344, newSessionWaitTimeout=300, keystorePath=~/.android/debug.keystore, appActivity=com.domaininstance.ui.activities.Splash, waitForDeviceTimeout=120000, device.model=SM-J600GF, device.name=SM-J600GF, autoGrantPermissions=false, takeScreenshots=true, projectName=, autoAcceptAlerts=false}]
Session ID: e3bd2c4b-8ae6-42f1-bad1-d9db88c6f017">
      <![CDATA[org.openqa.selenium.WebDriverException: unknown error (An unknown server-side error occurred. status='false'. Failed to complete internal method: 'hybridRunJavascript args: [, 0, result = null;resultType = null;resultMessage = null;function getPathToWithSuffix(element,suffix) {if (element.tagName.toUpperCase() == "HTML".toUpperCase())return '//html'+suffix;if (element===document.body)return '//html/body[1]'+suffix;var ix= 0;var siblings= element.parentNode.childNodes;for (var i= 0; i<siblings.length; i++) {var sibling= siblings[i];if (sibling===element)return getPathToWithSuffix(element.parentNode,'/'+element.tagName.toLowerCase()+'['+(ix+1)+']'+suffix);if (sibling.nodeType===1 && sibling.tagName===element.tagName)ix++;}}function runScriptResultWrapper(element){if((typeof element === undefined) || element == null){result = null;resultMessage = null;return;}else if (typeof element === 'string' || element instanceof String){result = element;resultType = "string";resultMessage = null;return;}else if (typeof element === 'number' || element instanceof Number){if(element % 1 === 0){resultType = "int"}else{resultType = "float";}result = element;resultMessage = null;return;}else if (typeof element === 'boolean' || element instanceof Boolean){resultType = "boolean";result = element;resultMessage = null;return;}var paths = [];if(element.constructor === Array || element.length > 0){var elements = element;for (i = 0; i < elements.length; i++) {var elementPath = getPathToWithSuffix(elements[i],"");paths[i] = elementPath;}resultMessage = null;}else if(!element.parentNode){resultType = "object";result = element;resultMessage = null;return;}else{resultMessage = null;paths[0] = getPathToWithSuffix(element,"");}resultType = null;result = {value: paths};}
var userFunc = function() {window.scrollTo(0, document.body.scrollHeight);};
result = null;
var temp_result = userFunc();
if(result == null) {result = temp_result;} runScriptResultWrapper(result);]', details: Failed to run javascript '': null)  (WARNING: The server did not provide any stacktrace information)
Command duration or timeout: 558 milliseconds
Build info: version: '2.52.0', revision: '4c2593cfc3689a7fcd7be52549167e5ccc93ad28', time: '2016-02-11 11:22:43'
System info: host: '10503-2F-4CE648138B', ip: '192.168.64.247', os.name: 'Windows 10', os.arch: 'amd64', os.version: '10.0', java.version: '1.8.0_161'
Driver info: io.appium.java_client.android.AndroidDriver
Capabilities [{appPackage=com.community.matrimony, device.majorVersion=9, dontGoHomeOnQuit=false, device.os=Android, noReset=false, dontStopAppOnReset=false, reservationDuration=240, reportFormat=xml, fullReset=false, platform=ANY, deviceUDID=32002b32ee5b451f, install.only.for.update=false, desired={appPackage=com.community.matrimony, appActivity=com.domaininstance.ui.activities.Splash, reportDirectory=reports, reportFormat=xml, udid=32002b32ee5b451f, platformName=Android, testName=Untitled}, device.serialNumber=32002b32ee5b451f, locationServicesAuthorized=false, device.version=9, reportDirectory=reports, autoWebview=false, udid=32002b32ee5b451f, platformName=Android, testName=Untitled, device.screenSize=720x1480, useKeystore=false, test.type=Mobile, device.manufacture=samsung, instrumentApp=false, appiumVersion=1.8.0, device.category=PHONE, autoDismissAlerts=false, reportUrl=C:\Users\Jyothi\appiumstudio-reports\reports\test3344, newSessionWaitTimeout=300, keystorePath=~/.android/debug.keystore, appActivity=com.domaininstance.ui.activities.Splash, waitForDeviceTimeout=120000, device.model=SM-J600GF, device.name=SM-J600GF, autoGrantPermissions=false, takeScreenshots=true, projectName=, autoAcceptAlerts=false}]
Session ID: e3bd2c4b-8ae6-42f1-bad1-d9db88c6f017
at sun.reflect.NativeConstructorAccessorImpl.newInstance0(Native Method)
at sun.reflect.NativeConstructorAccessorImpl.newInstance(NativeConstructorAccessorImpl.java:62)
at sun.reflect.DelegatingConstructorAccessorImpl.newInstance(DelegatingConstructorAccessorImpl.java:45)
at java.lang.reflect.Constructor.newInstance(Constructor.java:423)
at org.openqa.selenium.remote.ErrorHandler.createThrowable(ErrorHandler.java:206)
at org.openqa.selenium.remote.ErrorHandler.throwIfResponseFailed(ErrorHandler.java:158)
at org.openqa.selenium.remote.RemoteWebDriver.execute(RemoteWebDriver.java:678)
at io.appium.java_client.DefaultGenericMobileDriver.execute(DefaultGenericMobileDriver.java:43)
at io.appium.java_client.AppiumDriver.execute(AppiumDriver.java:1)
at io.appium.java_client.android.AndroidDriver.execute(AndroidDriver.java:1)
at org.openqa.selenium.remote.RemoteWebDriver.executeScript(RemoteWebDriver.java:577)
at TestScripts.Preffered_Profession.testUntitled(Preffered_Profession.java:125)
at sun.reflect.NativeMethodAccessorImpl.invoke0(Native Method)
at sun.reflect.NativeMethodAccessorImpl.invoke(NativeMethodAccessorImpl.java:62)
at sun.reflect.DelegatingMethodAccessorImpl.invoke(DelegatingMethodAccessorImpl.java:43)
at java.lang.reflect.Method.invoke(Method.java:498)
at org.testng.internal.MethodInvocationHelper.invokeMethod(MethodInvocationHelper.java:124)
at org.testng.internal.Invoker.invokeMethod(Invoker.java:580)
at org.testng.internal.Invoker.invokeTestMethod(Invoker.java:716)
at org.testng.internal.Invoker.invokeTestMethods(Invoker.java:988)
at org.testng.internal.TestMethodWorker.invokeTestMethods(TestMethodWorker.java:125)
at org.testng.internal.TestMethodWorker.run(TestMethodWorker.java:109)
at org.testng.TestRunner.privateRun(TestRunner.java:648)
at org.testng.TestRunner.run(TestRunner.java:505)
at org.testng.SuiteRunner.runTest(SuiteRunner.java:455)
at org.testng.SuiteRunner.runSequentially(SuiteRunner.java:450)
at org.testng.SuiteRunner.privateRun(SuiteRunner.java:415)
at org.testng.SuiteRunner.run(SuiteRunner.java:364)
at org.testng.SuiteRunnerWorker.runSuite(SuiteRunnerWorker.java:52)
at org.testng.SuiteRunnerWorker.run(SuiteRunnerWorker.java:84)
at org.testng.TestNG.runSuitesSequentially(TestNG.java:1208)
at org.testng.TestNG.runSuitesLocally(TestNG.java:1137)
at org.testng.TestNG.runSuites(TestNG.java:1049)
at org.testng.TestNG.run(TestNG.java:1017)
at org.testng.remote.AbstractRemoteTestNG.run(AbstractRemoteTestNG.java:114)
at org.testng.remote.RemoteTestNG.initAndRun(RemoteTestNG.java:251)
at org.testng.remote.RemoteTestNG.main(RemoteTestNG.java:77)
]]>
    </error>
  </testcase> <!-- testUntitled -->
</testsuite> <!-- TestScripts.Preffered_Profession -->
