<?xml version="1.0" encoding="UTF-8"?>
<!-- Generated by org.testng.reporters.JUnitReportReporter -->
<testsuite skipped="0" hostname="10503-2F-4CE648138B" name="TestScripts.login_multiple" tests="1" failures="0" timestamp="16 Aug 2019 06:54:47 GMT" time="321.850" errors="0">
  <testcase name="testUntitled" time="321.850" classname="TestScripts.login_multiple"/>
</testsuite> <!-- TestScripts.login_multiple -->
