<?xml version="1.0" encoding="UTF-8"?>
<!-- Generated by org.testng.reporters.JUnitReportReporter -->
<testsuite skipped="0" hostname="DESKTOP-2EHDPTI" name="logic.NegativePaymentDiamond" tests="1" failures="0" timestamp="20 Feb 2020 08:45:28 GMT" time="226.389" errors="0">
  <testcase name="testUntitled" time="226.389" classname="logic.NegativePaymentDiamond"/>
</testsuite> <!-- logic.NegativePaymentDiamond -->
