<?xml version="1.0" encoding="UTF-8"?>
<!-- Generated by org.testng.reporters.JUnitReportReporter -->
<testsuite skipped="0" hostname="DESKTOP-2EHDPTI" name="logic.SendInterestMatches" tests="1" failures="0" timestamp="20 Feb 2020 10:12:10 GMT" time="382.238" errors="0">
  <testcase name="testUntitled" time="382.238" classname="logic.SendInterestMatches"/>
</testsuite> <!-- logic.SendInterestMatches -->
