<?xml version="1.0" encoding="UTF-8"?>
<!-- Generated by org.testng.reporters.JUnitReportReporter -->
<testsuite skipped="0" hostname="DESKTOP-2EHDPTI" name="logic.BlockedMultipleProfileMatches" tests="1" failures="0" timestamp="20 Feb 2020 05:30:57 GMT" time="373.884" errors="0">
  <testcase name="testUntitled" time="373.884" classname="logic.BlockedMultipleProfileMatches"/>
</testsuite> <!-- logic.BlockedMultipleProfileMatches -->
