<?xml version="1.0" encoding="UTF-8"?>
<!-- Generated by org.testng.reporters.JUnitReportReporter -->
<testsuite hostname="10503-D-71026" name="logic.NegativePaymentDesk" tests="1" failures="0" timestamp="24 Sep 2020 05:02:38 GMT" time="120.860" errors="0">
  <testcase name="testCase" time="120.860" classname="logic.NegativePaymentDesk"/>
</testsuite> <!-- logic.NegativePaymentDesk -->
