<?xml version="1.0" encoding="UTF-8"?>
<!-- Generated by org.testng.reporters.JUnitReportReporter -->
<testsuite skipped="0" hostname="DESKTOP-2EHDPTI" name="logic.StageRegistAllField" tests="1" failures="0" timestamp="20 Feb 2020 10:25:05 GMT" time="282.494" errors="0">
  <testcase name="test" time="282.494" classname="logic.StageRegistAllField"/>
</testsuite> <!-- logic.StageRegistAllField -->
