<?xml version="1.0" encoding="UTF-8"?>
<!-- Generated by org.testng.reporters.JUnitReportReporter -->
<testsuite skipped="0" hostname="DESKTOP-2EHDPTI" name="logic.Matches" tests="1" failures="0" timestamp="20 Feb 2020 06:59:06 GMT" time="318.814" errors="0">
  <testcase name="testUntitled" time="318.814" classname="logic.Matches"/>
</testsuite> <!-- logic.Matches -->
