<?xml version="1.0" encoding="UTF-8"?>
<!-- Generated by org.testng.reporters.JUnitReportReporter -->
<testsuite skipped="0" hostname="DESKTOP-2EHDPTI" name="logic.CommunicationSettings" tests="1" failures="0" timestamp="20 Feb 2020 06:20:51 GMT" time="307.415" errors="0">
  <testcase name="testUntitled" time="307.415" classname="logic.CommunicationSettings"/>
</testsuite> <!-- logic.CommunicationSettings -->
