<?xml version="1.0" encoding="UTF-8"?>
<!-- Generated by org.testng.reporters.JUnitReportReporter -->
<testsuite skipped="0" hostname="DESKTOP-2EHDPTI" name="logic.NegativePaymentPlatinum" tests="1" failures="0" timestamp="20 Feb 2020 09:14:10 GMT" time="216.094" errors="0">
  <testcase name="testUntitled" time="216.094" classname="logic.NegativePaymentPlatinum"/>
</testsuite> <!-- logic.NegativePaymentPlatinum -->
