<?xml version="1.0" encoding="UTF-8"?>
<!-- Generated by org.testng.reporters.JUnitReportReporter -->
<testsuite skipped="0" hostname="DESKTOP-2EHDPTI" name="logic.LoginLogout" tests="1" failures="0" timestamp="20 Feb 2020 06:43:15 GMT" time="61.698" errors="0">
  <testcase name="testUntitled" time="61.698" classname="logic.LoginLogout"/>
</testsuite> <!-- logic.LoginLogout -->
