<?xml version="1.0" encoding="UTF-8"?>
<!-- Generated by org.testng.reporters.JUnitReportReporter -->
<testsuite skipped="0" hostname="DESKTOP-2EHDPTI" name="logic.PasswordCheck" tests="1" failures="0" timestamp="20 Feb 2020 12:47:35 GMT" time="169.521" errors="0">
  <testcase name="testUntitled" time="169.521" classname="logic.PasswordCheck"/>
</testsuite> <!-- logic.PasswordCheck -->
