<?xml version="1.0" encoding="UTF-8"?>
<!-- Generated by org.testng.reporters.JUnitReportReporter -->
<testsuite skipped="0" hostname="DESKTOP-2EHDPTI" name="logic.NegativePaymentGold" tests="1" failures="0" timestamp="20 Feb 2020 08:51:52 GMT" time="239.343" errors="0">
  <testcase name="testUntitled" time="239.343" classname="logic.NegativePaymentGold"/>
</testsuite> <!-- logic.NegativePaymentGold -->
