<?xml version="1.0" encoding="UTF-8"?>
<!-- Generated by org.testng.reporters.JUnitReportReporter -->
<testsuite hostname="10503-D-71026" name="logic.BlockedMultipleProfileMatches" tests="1" failures="0" timestamp="24 Oct 2020 15:10:35 GMT" time="103.391" errors="0">
  <testcase name="testCase" time="103.391" classname="logic.BlockedMultipleProfileMatches"/>
</testsuite> <!-- logic.BlockedMultipleProfileMatches -->
