<?xml version="1.0" encoding="UTF-8"?>
<!-- Generated by org.testng.reporters.JUnitReportReporter -->
<testsuite skipped="0" hostname="DESKTOP-2EHDPTI" name="Logic.PasswordCheck" tests="1" failures="0" timestamp="15 Nov 2019 05:12:15 GMT" time="105.708" errors="0">
  <testcase name="testUntitled" time="105.708" classname="Logic.PasswordCheck"/>
</testsuite> <!-- Logic.PasswordCheck -->
