<?xml version="1.0" encoding="UTF-8"?>
<!-- Generated by org.testng.reporters.JUnitReportReporter -->
<testsuite skipped="0" hostname="DESKTOP-2EHDPTI" name="Logic.EditPP" tests="1" failures="0" timestamp="22 Nov 2019 09:53:09 GMT" time="623.604" errors="0">
  <testcase name="testUntitled" time="623.604" classname="Logic.EditPP"/>
</testsuite> <!-- Logic.EditPP -->
