<?xml version="1.0" encoding="UTF-8"?>
<!-- Generated by org.testng.reporters.JUnitReportReporter -->
<testsuite skipped="0" hostname="DESKTOP-2EHDPTI" name="Logic.WcsmPP" tests="1" failures="0" timestamp="22 Nov 2019 08:56:55 GMT" time="152.854" errors="0">
  <testcase name="testUntitled" time="152.854" classname="Logic.WcsmPP"/>
</testsuite> <!-- Logic.WcsmPP -->
