<?xml version="1.0" encoding="UTF-8"?>
<!-- Generated by org.testng.reporters.JUnitReportReporter -->
<testsuite skipped="0" hostname="DESKTOP-2EHDPTI" name="Logic.NegativePaymentPlatinum" tests="1" failures="0" timestamp="07 Nov 2019 10:07:07 GMT" time="298.615" errors="0">
  <testcase name="testUntitled" time="298.615" classname="Logic.NegativePaymentPlatinum"/>
</testsuite> <!-- Logic.NegativePaymentPlatinum -->
