<?xml version="1.0" encoding="UTF-8"?>
<!-- Generated by org.testng.reporters.JUnitReportReporter -->
<testsuite skipped="0" hostname="DESKTOP-2EHDPTI" name="Logic.LoginLogout" tests="1" failures="0" timestamp="22 Nov 2019 05:56:06 GMT" time="41.233" errors="0">
  <testcase name="testUntitled" time="41.233" classname="Logic.LoginLogout"/>
</testsuite> <!-- Logic.LoginLogout -->
