<?xml version="1.0" encoding="UTF-8"?>
<!-- Generated by org.testng.reporters.JUnitReportReporter -->
<testsuite skipped="0" hostname="DESKTOP-2EHDPTI" name="Logic.NegativePaymentAssisted" tests="1" failures="0" timestamp="22 Nov 2019 05:11:38 GMT" time="376.531" errors="0">
  <testcase name="testUntitled" time="376.531" classname="Logic.NegativePaymentAssisted"/>
</testsuite> <!-- Logic.NegativePaymentAssisted -->
