<?xml version="1.0" encoding="UTF-8"?>
<!-- Generated by org.testng.reporters.JUnitReportReporter -->
<testsuite skipped="0" hostname="DESKTOP-2EHDPTI" name="Logic.Wcsm" tests="1" failures="0" timestamp="16 Nov 2019 06:02:19 GMT" time="87.911" errors="0">
  <testcase name="testUntitled" time="87.911" classname="Logic.Wcsm"/>
</testsuite> <!-- Logic.Wcsm -->
