<?xml version="1.0" encoding="UTF-8"?>
<!-- Generated by org.testng.reporters.JUnitReportReporter -->
<testsuite skipped="0" hostname="DESKTOP-2EHDPTI" name="Logic.NegativePaymentDiamond" tests="1" failures="0" timestamp="07 Nov 2019 07:16:17 GMT" time="172.973" errors="0">
  <testcase name="testUntitled" time="172.973" classname="Logic.NegativePaymentDiamond"/>
</testsuite> <!-- Logic.NegativePaymentDiamond -->
