<?xml version="1.0" encoding="UTF-8"?>
<!-- Generated by org.testng.reporters.JUnitReportReporter -->
<testsuite skipped="0" hostname="DESKTOP-2EHDPTI" name="Logic.Registration" tests="1" failures="0" timestamp="22 Nov 2019 09:20:12 GMT" time="665.333" errors="0">
  <testcase name="test" time="665.333" classname="Logic.Registration"/>
</testsuite> <!-- Logic.Registration -->
